::ffff:127.0.0.1 - - [27/Mar/2021:16:44:21 +0000] "POST /graphql HTTP/1.1" 200 24
::ffff:127.0.0.1 - - [27/Mar/2021:16:44:21 +0000] "POST /graphql HTTP/1.1" 200 24
::ffff:127.0.0.1 - - [27/Mar/2021:16:44:22 +0000] "POST /graphql HTTP/1.1" 200 24
::ffff:127.0.0.1 - - [27/Mar/2021:16:49:20 +0000] "POST /graphql HTTP/1.1" 200 24
::ffff:127.0.0.1 - - [27/Mar/2021:16:49:20 +0000] "POST /graphql HTTP/1.1" 200 24
::ffff:127.0.0.1 - - [27/Mar/2021:17:52:45 +0000] "POST /graphql HTTP/1.1" 400 1417
::ffff:127.0.0.1 - - [27/Mar/2021:17:52:52 +0000] "POST /graphql HTTP/1.1" 200 22771
::ffff:127.0.0.1 - - [27/Mar/2021:17:52:54 +0000] "POST /graphql HTTP/1.1" 400 1383
::ffff:127.0.0.1 - - [27/Mar/2021:17:52:58 +0000] "POST /graphql HTTP/1.1" 200 54
::ffff:127.0.0.1 - - [27/Mar/2021:17:54:55 +0000] "POST /graphql HTTP/1.1" 400 1355
::ffff:127.0.0.1 - - [27/Mar/2021:17:55:06 +0000] "POST /graphql HTTP/1.1" 400 32132
::ffff:127.0.0.1 - - [27/Mar/2021:17:55:11 +0000] "POST /graphql HTTP/1.1" 400 32132
::ffff:127.0.0.1 - - [27/Mar/2021:17:55:17 +0000] "POST /graphql HTTP/1.1" 400 32132
::ffff:127.0.0.1 - - [27/Mar/2021:17:55:36 +0000] "POST /graphql HTTP/1.1" 400 16700
::ffff:127.0.0.1 - - [27/Mar/2021:17:55:42 +0000] "POST /graphql HTTP/1.1" 400 15440
::ffff:127.0.0.1 - - [27/Mar/2021:17:55:50 +0000] "POST /graphql HTTP/1.1" 400 1288
::ffff:127.0.0.1 - - [27/Mar/2021:17:55:55 +0000] "POST /graphql HTTP/1.1" 200 654
::ffff:127.0.0.1 - - [27/Mar/2021:17:59:47 +0000] "POST /graphql HTTP/1.1" 200 654
::ffff:127.0.0.1 - - [27/Mar/2021:17:59:48 +0000] "POST /graphql HTTP/1.1" 200 654
::ffff:127.0.0.1 - - [27/Mar/2021:18:00:48 +0000] "POST /graphql HTTP/1.1" 200 654
::ffff:127.0.0.1 - - [27/Mar/2021:18:00:49 +0000] "POST /graphql HTTP/1.1" 200 654
::ffff:127.0.0.1 - - [27/Mar/2021:18:02:15 +0000] "POST /graphql HTTP/1.1" 200 654
::ffff:127.0.0.1 - - [27/Mar/2021:18:12:22 +0000] "POST /graphql HTTP/1.1" 200 764
::ffff:127.0.0.1 - - [27/Mar/2021:18:38:09 +0000] "POST /graphql HTTP/1.1" 200 764
::ffff:127.0.0.1 - - [27/Mar/2021:18:38:10 +0000] "POST /graphql HTTP/1.1" 200 764
::ffff:127.0.0.1 - - [27/Mar/2021:18:38:10 +0000] "POST /graphql HTTP/1.1" 200 764
::ffff:127.0.0.1 - - [27/Mar/2021:18:38:10 +0000] "POST /graphql HTTP/1.1" 200 764
::ffff:127.0.0.1 - - [27/Mar/2021:18:38:10 +0000] "POST /graphql HTTP/1.1" 200 764
::ffff:127.0.0.1 - - [27/Mar/2021:18:38:11 +0000] "POST /graphql HTTP/1.1" 200 764
::ffff:127.0.0.1 - - [27/Mar/2021:18:38:11 +0000] "POST /graphql HTTP/1.1" 200 764
::ffff:127.0.0.1 - - [27/Mar/2021:19:05:28 +0000] "POST /graphql HTTP/1.1" 200 764
::ffff:127.0.0.1 - - [27/Mar/2021:19:05:31 +0000] "POST /graphql HTTP/1.1" 200 764
::ffff:127.0.0.1 - - [27/Mar/2021:19:05:31 +0000] "POST /graphql HTTP/1.1" 200 764
::ffff:127.0.0.1 - - [27/Mar/2021:19:05:34 +0000] "POST /graphql HTTP/1.1" 200 764
::ffff:127.0.0.1 - - [27/Mar/2021:19:07:08 +0000] "POST /graphql HTTP/1.1" 200 764
::ffff:127.0.0.1 - - [27/Mar/2021:19:07:08 +0000] "POST /graphql HTTP/1.1" 200 764
::ffff:127.0.0.1 - - [27/Mar/2021:19:07:08 +0000] "POST /graphql HTTP/1.1" 200 764
::ffff:127.0.0.1 - - [27/Mar/2021:19:07:09 +0000] "POST /graphql HTTP/1.1" 200 764
::ffff:127.0.0.1 - - [27/Mar/2021:19:07:09 +0000] "POST /graphql HTTP/1.1" 200 764
::ffff:127.0.0.1 - - [27/Mar/2021:19:07:09 +0000] "POST /graphql HTTP/1.1" 200 764
::ffff:127.0.0.1 - - [27/Mar/2021:19:07:09 +0000] "POST /graphql HTTP/1.1" 200 764
::ffff:127.0.0.1 - - [27/Mar/2021:19:07:09 +0000] "POST /graphql HTTP/1.1" 200 764
::ffff:127.0.0.1 - - [27/Mar/2021:19:07:09 +0000] "POST /graphql HTTP/1.1" 200 764
::ffff:127.0.0.1 - - [27/Mar/2021:19:07:09 +0000] "POST /graphql HTTP/1.1" 200 764
::ffff:127.0.0.1 - - [27/Mar/2021:19:08:20 +0000] "POST /graphql HTTP/1.1" 200 764
::ffff:127.0.0.1 - - [27/Mar/2021:19:10:04 +0000] "POST /graphql HTTP/1.1" 200 764
::ffff:127.0.0.1 - - [27/Mar/2021:19:10:04 +0000] "POST /graphql HTTP/1.1" 200 764
::ffff:127.0.0.1 - - [27/Mar/2021:19:10:05 +0000] "POST /graphql HTTP/1.1" 200 764
::ffff:127.0.0.1 - - [27/Mar/2021:19:10:05 +0000] "POST /graphql HTTP/1.1" 200 764
::ffff:127.0.0.1 - - [27/Mar/2021:19:10:05 +0000] "POST /graphql HTTP/1.1" 200 764
::ffff:127.0.0.1 - - [27/Mar/2021:19:10:05 +0000] "POST /graphql HTTP/1.1" 200 764
::ffff:127.0.0.1 - - [27/Mar/2021:19:10:05 +0000] "POST /graphql HTTP/1.1" 200 764
::ffff:127.0.0.1 - - [27/Mar/2021:19:10:05 +0000] "POST /graphql HTTP/1.1" 200 764
::ffff:127.0.0.1 - - [27/Mar/2021:19:10:06 +0000] "POST /graphql HTTP/1.1" 200 764
::ffff:127.0.0.1 - - [27/Mar/2021:19:10:38 +0000] "POST /graphql HTTP/1.1" 200 764
::ffff:127.0.0.1 - - [27/Mar/2021:19:13:35 +0000] "POST /graphql HTTP/1.1" 200 764
::ffff:127.0.0.1 - - [27/Mar/2021:19:13:36 +0000] "POST /graphql HTTP/1.1" 200 764
::ffff:127.0.0.1 - - [27/Mar/2021:19:13:36 +0000] "POST /graphql HTTP/1.1" 200 764
::ffff:127.0.0.1 - - [27/Mar/2021:19:13:36 +0000] "POST /graphql HTTP/1.1" 200 764
::ffff:127.0.0.1 - - [27/Mar/2021:19:13:36 +0000] "POST /graphql HTTP/1.1" 200 764
::ffff:127.0.0.1 - - [27/Mar/2021:19:13:36 +0000] "POST /graphql HTTP/1.1" 200 764
::ffff:127.0.0.1 - - [27/Mar/2021:19:14:24 +0000] "POST /graphql HTTP/1.1" 200 764
::ffff:127.0.0.1 - - [27/Mar/2021:19:14:25 +0000] "POST /graphql HTTP/1.1" 200 764
::ffff:127.0.0.1 - - [27/Mar/2021:19:14:25 +0000] "POST /graphql HTTP/1.1" 200 764
::ffff:127.0.0.1 - - [27/Mar/2021:19:14:25 +0000] "POST /graphql HTTP/1.1" 200 764
::ffff:127.0.0.1 - - [27/Mar/2021:19:14:25 +0000] "POST /graphql HTTP/1.1" 200 764
::ffff:127.0.0.1 - - [27/Mar/2021:19:15:40 +0000] "POST /graphql HTTP/1.1" 200 764
::ffff:127.0.0.1 - - [27/Mar/2021:19:25:06 +0000] "POST /graphql HTTP/1.1" 200 764
::ffff:127.0.0.1 - - [27/Mar/2021:19:25:07 +0000] "POST /graphql HTTP/1.1" 200 764
::ffff:127.0.0.1 - - [27/Mar/2021:19:34:12 +0000] "POST /graphql HTTP/1.1" 500 1429
::ffff:127.0.0.1 - - [27/Mar/2021:19:34:13 +0000] "POST /graphql HTTP/1.1" 500 1429
::ffff:127.0.0.1 - - [27/Mar/2021:19:35:02 +0000] "POST /graphql HTTP/1.1" 500 1429
::ffff:127.0.0.1 - - [27/Mar/2021:19:35:03 +0000] "POST /graphql HTTP/1.1" 500 1429
::ffff:127.0.0.1 - - [27/Mar/2021:19:35:49 +0000] "POST /graphql HTTP/1.1" 200 764
::ffff:127.0.0.1 - - [27/Mar/2021:19:35:50 +0000] "POST /graphql HTTP/1.1" 200 764
::1 - - [28/Mar/2021:14:35:27 +0000] "POST /graphql HTTP/1.1" 200 22771
::1 - - [28/Mar/2021:14:35:39 +0000] "POST /graphql HTTP/1.1" 200 54
::1 - - [28/Mar/2021:14:45:46 +0000] "POST /graphql HTTP/1.1" 404 147
::1 - - [28/Mar/2021:14:45:54 +0000] "POST /graphql HTTP/1.1" 200 54
::1 - - [28/Mar/2021:14:46:40 +0000] "POST /graphql HTTP/1.1" 200 54
::1 - - [28/Mar/2021:14:46:41 +0000] "POST /graphql HTTP/1.1" 200 54
::1 - - [28/Mar/2021:14:47:09 +0000] "POST /graphql HTTP/1.1" 200 54
::1 - - [28/Mar/2021:14:47:11 +0000] "POST /graphql HTTP/1.1" 200 54
::1 - - [28/Mar/2021:14:55:20 +0000] "POST /graphql HTTP/1.1" 404 147
::1 - - [28/Mar/2021:14:55:26 +0000] "POST /graphql HTTP/1.1" 200 59
::1 - - [28/Mar/2021:14:55:27 +0000] "POST /graphql HTTP/1.1" 200 59
::1 - - [28/Mar/2021:14:56:40 +0000] "POST /graphql HTTP/1.1" 200 54
::1 - - [28/Mar/2021:14:56:42 +0000] "POST /graphql HTTP/1.1" 200 54
::1 - - [28/Mar/2021:14:57:35 +0000] "POST /graphql HTTP/1.1" 404 147
::1 - - [28/Mar/2021:14:57:38 +0000] "POST /graphql HTTP/1.1" 200 54
::1 - - [28/Mar/2021:14:58:18 +0000] "POST /graphql HTTP/1.1" 404 147
::1 - - [28/Mar/2021:14:58:19 +0000] "POST /graphql HTTP/1.1" 200 54
::1 - - [28/Mar/2021:14:58:20 +0000] "POST /graphql HTTP/1.1" 200 54
::1 - - [28/Mar/2021:14:58:20 +0000] "POST /graphql HTTP/1.1" 200 54
::1 - - [28/Mar/2021:14:58:20 +0000] "POST /graphql HTTP/1.1" 200 54
::1 - - [28/Mar/2021:14:58:20 +0000] "POST /graphql HTTP/1.1" 200 54
::1 - - [28/Mar/2021:14:58:21 +0000] "POST /graphql HTTP/1.1" 200 54
::1 - - [28/Mar/2021:14:58:21 +0000] "POST /graphql HTTP/1.1" 200 54
::1 - - [28/Mar/2021:16:38:12 +0000] "POST /graphql HTTP/1.1" 200 54
::1 - - [28/Mar/2021:16:38:12 +0000] "POST /graphql HTTP/1.1" 200 54
::1 - - [28/Mar/2021:16:38:13 +0000] "POST /graphql HTTP/1.1" 200 54
::1 - - [28/Mar/2021:16:38:13 +0000] "POST /graphql HTTP/1.1" 200 54
::1 - - [28/Mar/2021:16:38:14 +0000] "POST /graphql HTTP/1.1" 200 54
::1 - - [28/Mar/2021:16:38:14 +0000] "POST /graphql HTTP/1.1" 200 54
::1 - - [28/Mar/2021:16:40:28 +0000] "POST /graphql HTTP/1.1" 200 54
::1 - - [28/Mar/2021:16:42:42 +0000] "POST /graphql HTTP/1.1" 200 54
::1 - - [28/Mar/2021:16:53:15 +0000] "POST /graphql HTTP/1.1" 500 1541
::1 - - [28/Mar/2021:16:53:21 +0000] "POST /graphql HTTP/1.1" 500 1541
::1 - - [28/Mar/2021:16:53:33 +0000] "POST /graphql HTTP/1.1" 500 1541
::1 - - [28/Mar/2021:16:53:34 +0000] "POST /graphql HTTP/1.1" 500 1541
::1 - - [28/Mar/2021:16:54:05 +0000] "POST /graphql HTTP/1.1" 404 147
::1 - - [28/Mar/2021:16:54:12 +0000] "POST /graphql HTTP/1.1" 404 147
::1 - - [28/Mar/2021:16:54:47 +0000] "POST /graphql HTTP/1.1" 404 147
::1 - - [28/Mar/2021:16:54:51 +0000] "POST /graphql HTTP/1.1" 200 54
::1 - - [28/Mar/2021:16:54:51 +0000] "POST /graphql HTTP/1.1" 200 54
::1 - - [28/Mar/2021:17:16:36 +0000] "POST /graphql HTTP/1.1" 200 764
::1 - - [28/Mar/2021:17:18:57 +0000] "POST /graphql HTTP/1.1" 404 147
::1 - - [28/Mar/2021:17:19:04 +0000] "POST /graphql HTTP/1.1" 404 147
::1 - - [28/Mar/2021:17:19:10 +0000] "POST /graphql HTTP/1.1" 200 764
::1 - - [28/Mar/2021:17:21:08 +0000] "POST /graphql HTTP/1.1" 200 764
::1 - - [28/Mar/2021:17:21:13 +0000] "POST /graphql HTTP/1.1" 200 764
::1 - - [28/Mar/2021:17:21:16 +0000] "POST /graphql HTTP/1.1" 200 764
::1 - - [28/Mar/2021:17:23:26 +0000] "POST /graphql HTTP/1.1" 500 717
::1 - - [28/Mar/2021:17:23:27 +0000] "POST /graphql HTTP/1.1" 500 717
::1 - - [28/Mar/2021:17:24:18 +0000] "POST /graphql HTTP/1.1" 500 745
::1 - - [28/Mar/2021:17:24:23 +0000] "POST /graphql HTTP/1.1" 500 745
::1 - - [28/Mar/2021:17:24:25 +0000] "POST /graphql HTTP/1.1" 500 745
::1 - - [28/Mar/2021:17:24:26 +0000] "POST /graphql HTTP/1.1" 500 745
::1 - - [28/Mar/2021:17:25:14 +0000] "POST /graphql HTTP/1.1" 200 764
::1 - - [28/Mar/2021:17:26:04 +0000] "POST /graphql HTTP/1.1" 200 764
::1 - - [28/Mar/2021:17:28:11 +0000] "POST /graphql HTTP/1.1" 200 779
::1 - - [28/Mar/2021:17:28:32 +0000] "POST /graphql/dqw HTTP/1.1" 200 22771
::1 - - [28/Mar/2021:17:28:34 +0000] "POST /graphql/dqw HTTP/1.1" 200 779
::1 - - [28/Mar/2021:17:28:35 +0000] "POST /graphql/dqw HTTP/1.1" 200 779
::1 - - [28/Mar/2021:17:28:35 +0000] "POST /graphql/dqw HTTP/1.1" 200 779
::1 - - [28/Mar/2021:17:28:35 +0000] "POST /graphql/dqw HTTP/1.1" 200 779
::1 - - [28/Mar/2021:17:29:17 +0000] "POST /graphql/dqw HTTP/1.1" 200 779
::1 - - [28/Mar/2021:17:29:21 +0000] "POST /graphql/dqw HTTP/1.1" 200 779
::1 - - [28/Mar/2021:17:29:28 +0000] "POST /graphql HTTP/1.1" 200 22771
::1 - - [28/Mar/2021:17:37:49 +0000] "POST /graphql HTTP/1.1" 404 147
::1 - - [28/Mar/2021:17:37:57 +0000] "POST /graphql HTTP/1.1" 200 779
::1 - - [28/Mar/2021:17:55:15 +0000] "POST /graphql HTTP/1.1" 200 764
::1 - - [28/Mar/2021:17:57:03 +0000] "POST /graphql HTTP/1.1" 404 147
::1 - - [28/Mar/2021:17:57:07 +0000] "POST /graphql HTTP/1.1" 200 1313
::1 - - [28/Mar/2021:17:58:36 +0000] "POST /graphql HTTP/1.1" 200 764
::1 - - [28/Mar/2021:17:59:21 +0000] "POST /graphql HTTP/1.1" 200 764
::1 - - [28/Mar/2021:17:59:58 +0000] "POST /graphql HTTP/1.1" 200 764
::1 - - [28/Mar/2021:18:02:09 +0000] "POST /graphql HTTP/1.1" 200 764
::1 - - [28/Mar/2021:18:02:56 +0000] "POST /graphql HTTP/1.1" 200 764
::1 - - [28/Mar/2021:18:05:02 +0000] "POST /graphql HTTP/1.1" 200 764
::1 - - [28/Mar/2021:18:06:36 +0000] "POST /graphql HTTP/1.1" 200 764
::1 - - [28/Mar/2021:18:11:39 +0000] "POST /graphql HTTP/1.1" 200 764
::1 - - [28/Mar/2021:18:17:58 +0000] "POST /graphql HTTP/1.1" 200 764
::1 - - [28/Mar/2021:18:19:47 +0000] "POST /graphql HTTP/1.1" 200 764
::1 - - [28/Mar/2021:18:23:47 +0000] "POST /graphql HTTP/1.1" 200 764
::1 - - [28/Mar/2021:18:24:44 +0000] "POST /graphql HTTP/1.1" 200 764
::1 - - [28/Mar/2021:18:26:18 +0000] "POST /graphql HTTP/1.1" 200 764
::1 - - [28/Mar/2021:18:27:53 +0000] "POST /graphql HTTP/1.1" 200 764
::1 - - [28/Mar/2021:18:30:16 +0000] "POST /graphql HTTP/1.1" 200 764
::1 - - [28/Mar/2021:19:02:55 +0000] "POST /graphql HTTP/1.1" 200 764
::1 - - [28/Mar/2021:19:02:55 +0000] "POST /graphql HTTP/1.1" 200 764
::1 - - [28/Mar/2021:19:03:11 +0000] "POST /graphql HTTP/1.1" 200 764
::1 - - [28/Mar/2021:19:03:12 +0000] "POST /graphql HTTP/1.1" 200 764
::1 - - [28/Mar/2021:19:03:12 +0000] "POST /graphql HTTP/1.1" 200 764
::1 - - [28/Mar/2021:19:03:12 +0000] "POST /graphql HTTP/1.1" 200 764
::1 - - [28/Mar/2021:19:03:14 +0000] "POST /graphql HTTP/1.1" 200 764
::1 - - [28/Mar/2021:19:03:14 +0000] "POST /graphql HTTP/1.1" 200 764
::1 - - [28/Mar/2021:19:03:14 +0000] "POST /graphql HTTP/1.1" 200 764
::1 - - [28/Mar/2021:19:03:14 +0000] "POST /graphql HTTP/1.1" 200 764
::1 - - [28/Mar/2021:19:03:15 +0000] "POST /graphql HTTP/1.1" 200 764
::1 - - [28/Mar/2021:19:03:15 +0000] "POST /graphql HTTP/1.1" 200 764
::1 - - [28/Mar/2021:19:03:15 +0000] "POST /graphql HTTP/1.1" 200 764
::1 - - [28/Mar/2021:19:05:36 +0000] "POST /graphql HTTP/1.1" 200 764
::1 - - [28/Mar/2021:19:05:46 +0000] "POST /graphql HTTP/1.1" 200 764
::1 - - [28/Mar/2021:19:05:47 +0000] "POST /graphql HTTP/1.1" 200 764
::1 - - [28/Mar/2021:19:05:47 +0000] "POST /graphql HTTP/1.1" 200 764
::1 - - [28/Mar/2021:19:05:47 +0000] "POST /graphql HTTP/1.1" 200 764
::1 - - [28/Mar/2021:19:05:47 +0000] "POST /graphql HTTP/1.1" 200 764
::1 - - [28/Mar/2021:19:05:48 +0000] "POST /graphql HTTP/1.1" 200 764
::1 - - [28/Mar/2021:19:06:39 +0000] "POST /graphql HTTP/1.1" 200 779
::1 - - [28/Mar/2021:19:07:17 +0000] "POST /graphql HTTP/1.1" 200 764
::1 - - [28/Mar/2021:19:08:16 +0000] "POST /graphql HTTP/1.1" 200 764
::1 - - [28/Mar/2021:19:29:14 +0000] "GET / HTTP/1.1" 200 329
::1 - - [28/Mar/2021:19:29:15 +0000] "GET /bundle.js HTTP/1.1" 200 36045
::1 - - [28/Mar/2021:19:29:15 +0000] "GET /favicon.ico HTTP/1.1" 404 150
::1 - - [28/Mar/2021:19:29:19 +0000] "GET /playground HTTP/1.1" 404 149
::1 - - [28/Mar/2021:19:32:41 +0000] "GET /playground HTTP/1.1" 404 149
::1 - - [28/Mar/2021:19:32:41 +0000] "GET /playground HTTP/1.1" 404 149
::1 - - [28/Mar/2021:19:32:46 +0000] "GET /playground HTTP/1.1" 404 149
::1 - - [28/Mar/2021:19:32:59 +0000] "GET /playground/ HTTP/1.1" 404 150
::1 - - [28/Mar/2021:19:33:03 +0000] "GET /graphql/ HTTP/1.1" 200 -
::1 - - [28/Mar/2021:19:33:05 +0000] "POST /graphql/ HTTP/1.1" 200 22771
::1 - - [28/Mar/2021:19:33:06 +0000] "POST /graphql/ HTTP/1.1" 200 22771
::1 - - [28/Mar/2021:19:33:08 +0000] "POST /graphql/ HTTP/1.1" 200 22771
::1 - - [28/Mar/2021:19:33:10 +0000] "POST /graphql/ HTTP/1.1" 200 22771
::1 - - [28/Mar/2021:19:33:12 +0000] "POST /graphql/ HTTP/1.1" 200 22771
::1 - - [28/Mar/2021:19:33:15 +0000] "POST /graphql/ HTTP/1.1" 200 22771
::1 - - [28/Mar/2021:19:33:19 +0000] "POST /graphql/ HTTP/1.1" 200 22771
::1 - - [28/Mar/2021:19:33:21 +0000] "POST /graphql/ HTTP/1.1" 200 764
::1 - - [28/Mar/2021:19:33:21 +0000] "POST /graphql/ HTTP/1.1" 200 22771
::1 - - [28/Mar/2021:19:33:23 +0000] "POST /graphql/ HTTP/1.1" 200 22771
::1 - - [28/Mar/2021:19:34:06 +0000] "POST /graphql/ HTTP/1.1" 200 22771
::1 - - [28/Mar/2021:19:34:08 +0000] "POST /graphql/ HTTP/1.1" 200 22771
::1 - - [28/Mar/2021:19:34:14 +0000] "POST /graphql/ HTTP/1.1" 200 22771
::1 - - [28/Mar/2021:19:34:16 +0000] "POST /graphql/ HTTP/1.1" 200 22771
::1 - - [28/Mar/2021:19:34:18 +0000] "POST /graphql/ HTTP/1.1" 200 22771
::1 - - [28/Mar/2021:19:34:20 +0000] "POST /graphql/ HTTP/1.1" 200 22771
::1 - - [28/Mar/2021:19:34:29 +0000] "POST /graphql/ HTTP/1.1" 200 22771
::1 - - [28/Mar/2021:19:34:31 +0000] "POST /graphql/ HTTP/1.1" 200 22771
::1 - - [28/Mar/2021:19:34:33 +0000] "POST /graphql/ HTTP/1.1" 200 22771
::1 - - [28/Mar/2021:19:34:35 +0000] "POST /graphql/ HTTP/1.1" 200 22771
::1 - - [28/Mar/2021:19:34:37 +0000] "POST /graphql/ HTTP/1.1" 200 22771
::1 - - [28/Mar/2021:19:34:39 +0000] "POST /graphql/ HTTP/1.1" 200 22771
::1 - - [28/Mar/2021:19:35:11 +0000] "POST /graphql/ HTTP/1.1" 200 22771
::1 - - [28/Mar/2021:19:35:11 +0000] "POST /graphql HTTP/1.1" 200 22771
::1 - - [28/Mar/2021:19:35:19 +0000] "POST /graphql/ HTTP/1.1" 200 22771
::1 - - [28/Mar/2021:19:37:40 +0000] "POST /graphql/ HTTP/1.1" 200 22771
::1 - - [28/Mar/2021:19:37:42 +0000] "POST /graphql/ HTTP/1.1" 200 22771
::1 - - [28/Mar/2021:19:37:44 +0000] "POST /graphql/ HTTP/1.1" 200 22771
::1 - - [28/Mar/2021:19:37:46 +0000] "POST /graphql/ HTTP/1.1" 200 22771
::1 - - [28/Mar/2021:19:37:48 +0000] "POST /graphql/ HTTP/1.1" 200 22771
::1 - - [28/Mar/2021:19:37:50 +0000] "POST /graphql/ HTTP/1.1" 200 22771
::1 - - [28/Mar/2021:19:37:52 +0000] "POST /graphql/ HTTP/1.1" 200 22771
::1 - - [28/Mar/2021:19:37:54 +0000] "POST /graphql/ HTTP/1.1" 200 22771
::1 - - [28/Mar/2021:19:37:56 +0000] "POST /graphql/ HTTP/1.1" 200 22771
::1 - - [28/Mar/2021:19:37:58 +0000] "POST /graphql/ HTTP/1.1" 200 22771
::1 - - [28/Mar/2021:19:38:01 +0000] "POST /graphql/ HTTP/1.1" 200 22771
::1 - - [28/Mar/2021:19:38:03 +0000] "POST /graphql/ HTTP/1.1" 200 22771
::1 - - [28/Mar/2021:19:38:05 +0000] "POST /graphql/ HTTP/1.1" 200 22771
::1 - - [28/Mar/2021:19:38:07 +0000] "POST /graphql/ HTTP/1.1" 200 22771
::1 - - [28/Mar/2021:19:38:09 +0000] "POST /graphql/ HTTP/1.1" 200 22771
::1 - - [28/Mar/2021:19:38:11 +0000] "POST /graphql/ HTTP/1.1" 200 22771
::1 - - [28/Mar/2021:19:38:13 +0000] "POST /graphql/ HTTP/1.1" 200 22771
::1 - - [28/Mar/2021:19:38:15 +0000] "POST /graphql/ HTTP/1.1" 200 22771
::1 - - [28/Mar/2021:19:38:17 +0000] "POST /graphql/ HTTP/1.1" 200 22771
::1 - - [28/Mar/2021:19:38:19 +0000] "POST /graphql/ HTTP/1.1" 200 22771
::1 - - [28/Mar/2021:19:38:21 +0000] "POST /graphql/ HTTP/1.1" 200 22771
::1 - - [28/Mar/2021:19:38:24 +0000] "POST /graphql/ HTTP/1.1" 200 22771
::1 - - [28/Mar/2021:19:38:26 +0000] "POST /graphql/ HTTP/1.1" 200 764
::1 - - [28/Mar/2021:19:38:33 +0000] "POST /graphql/ HTTP/1.1" 200 22771
::1 - - [28/Mar/2021:19:38:35 +0000] "POST /graphql/ HTTP/1.1" 200 22771
::1 - - [28/Mar/2021:19:38:37 +0000] "POST /graphql/ HTTP/1.1" 200 22771
::1 - - [28/Mar/2021:19:38:39 +0000] "POST /graphql/ HTTP/1.1" 200 22771
::1 - - [28/Mar/2021:19:38:42 +0000] "POST /graphql/ HTTP/1.1" 200 22771
::1 - - [28/Mar/2021:19:38:44 +0000] "POST /graphql/ HTTP/1.1" 200 22771
::1 - - [28/Mar/2021:19:38:46 +0000] "POST /graphql/ HTTP/1.1" 200 22771
::1 - - [28/Mar/2021:19:38:48 +0000] "POST /graphql/ HTTP/1.1" 200 22771
::1 - - [28/Mar/2021:19:38:50 +0000] "POST /graphql/ HTTP/1.1" 200 22771
::1 - - [28/Mar/2021:19:38:52 +0000] "POST /graphql/ HTTP/1.1" 200 22771
::1 - - [28/Mar/2021:19:38:54 +0000] "POST /graphql/ HTTP/1.1" 200 22771
::1 - - [28/Mar/2021:19:39:06 +0000] "POST /graphql/ HTTP/1.1" 200 22771
::1 - - [28/Mar/2021:19:39:06 +0000] "POST /graphql/ HTTP/1.1" 200 764
::1 - - [28/Mar/2021:19:39:06 +0000] "POST /graphql/ HTTP/1.1" 200 764
::1 - - [28/Mar/2021:19:41:46 +0000] "POST /graphql/ HTTP/1.1" 200 22771
::1 - - [28/Mar/2021:19:41:48 +0000] "POST /graphql/ HTTP/1.1" 200 22771
::1 - - [28/Mar/2021:19:41:48 +0000] "GET /graphql/ HTTP/1.1" 200 -
::1 - - [28/Mar/2021:19:41:49 +0000] "POST /graphql/ HTTP/1.1" 200 22771
::1 - - [28/Mar/2021:19:41:51 +0000] "POST /graphql/ HTTP/1.1" 200 22771
::1 - - [28/Mar/2021:19:41:52 +0000] "POST /graphql/ HTTP/1.1" 200 764
::1 - - [28/Mar/2021:19:41:56 +0000] "POST /graphql/ HTTP/1.1" 200 22771
::1 - - [28/Mar/2021:19:41:58 +0000] "POST /graphql/ HTTP/1.1" 200 22771
::1 - - [28/Mar/2021:19:42:00 +0000] "POST /graphql/ HTTP/1.1" 200 22771
::1 - - [28/Mar/2021:19:42:02 +0000] "POST /graphql/ HTTP/1.1" 200 22771
::1 - - [28/Mar/2021:19:42:04 +0000] "POST /graphql/ HTTP/1.1" 200 22771
::1 - - [28/Mar/2021:19:42:06 +0000] "POST /graphql/ HTTP/1.1" 200 22771
::1 - - [28/Mar/2021:19:42:08 +0000] "POST /graphql/ HTTP/1.1" 200 22771
::1 - - [28/Mar/2021:19:42:10 +0000] "POST /graphql/ HTTP/1.1" 200 22771
::1 - - [28/Mar/2021:19:42:12 +0000] "POST /graphql/ HTTP/1.1" 200 22771
::1 - - [28/Mar/2021:19:42:14 +0000] "POST /graphql/ HTTP/1.1" 200 22771
::1 - - [28/Mar/2021:19:42:16 +0000] "POST /graphql/ HTTP/1.1" 200 22771
::1 - - [28/Mar/2021:19:42:18 +0000] "POST /graphql/ HTTP/1.1" 200 22771
::1 - - [28/Mar/2021:19:42:20 +0000] "POST /graphql/ HTTP/1.1" 200 22771
::1 - - [28/Mar/2021:19:42:22 +0000] "POST /graphql/ HTTP/1.1" 200 22771
::1 - - [28/Mar/2021:19:42:24 +0000] "POST /graphql/ HTTP/1.1" 200 22771
::1 - - [28/Mar/2021:19:42:26 +0000] "POST /graphql/ HTTP/1.1" 200 22771
::1 - - [28/Mar/2021:19:42:28 +0000] "POST /graphql/ HTTP/1.1" 200 22771
::1 - - [28/Mar/2021:19:42:31 +0000] "POST /graphql/ HTTP/1.1" 200 22771
::1 - - [28/Mar/2021:19:42:33 +0000] "POST /graphql/ HTTP/1.1" 200 22771
::1 - - [28/Mar/2021:19:42:35 +0000] "POST /graphql/ HTTP/1.1" 200 22771
::1 - - [28/Mar/2021:19:42:37 +0000] "POST /graphql/ HTTP/1.1" 200 22771
::1 - - [28/Mar/2021:19:42:39 +0000] "POST /graphql/ HTTP/1.1" 200 22771
::1 - - [28/Mar/2021:19:42:41 +0000] "POST /graphql/ HTTP/1.1" 200 22771
::1 - - [28/Mar/2021:19:42:43 +0000] "POST /graphql/ HTTP/1.1" 200 22771
::1 - - [28/Mar/2021:19:42:45 +0000] "POST /graphql/ HTTP/1.1" 200 22771
::1 - - [28/Mar/2021:19:42:47 +0000] "POST /graphql/ HTTP/1.1" 200 22771
::1 - - [28/Mar/2021:19:42:49 +0000] "POST /graphql/ HTTP/1.1" 200 22771
::1 - - [28/Mar/2021:19:42:51 +0000] "POST /graphql/ HTTP/1.1" 200 22771
::1 - - [28/Mar/2021:19:42:53 +0000] "POST /graphql/ HTTP/1.1" 200 22771
::1 - - [28/Mar/2021:19:45:11 +0000] "POST /graphql/ HTTP/1.1" 200 22771
::1 - - [28/Mar/2021:19:45:13 +0000] "POST /graphql/ HTTP/1.1" 200 22771
::1 - - [28/Mar/2021:19:45:53 +0000] "POST /graphql/ HTTP/1.1" 404 148
::1 - - [28/Mar/2021:19:46:02 +0000] "POST /graphql/ HTTP/1.1" 404 148
::1 - - [28/Mar/2021:19:46:07 +0000] "GET /graphql/ HTTP/1.1" 200 -
::1 - - [28/Mar/2021:19:46:08 +0000] "POST /graphql/ HTTP/1.1" 200 22771
::1 - - [28/Mar/2021:19:46:10 +0000] "POST /graphql/ HTTP/1.1" 200 22771
::1 - - [28/Mar/2021:19:46:11 +0000] "POST /graphql/ HTTP/1.1" 200 764
::1 - - [28/Mar/2021:19:46:12 +0000] "POST /graphql/ HTTP/1.1" 200 22771
::1 - - [28/Mar/2021:19:46:56 +0000] "POST /graphql/ HTTP/1.1" 404 148
::1 - - [28/Mar/2021:19:47:01 +0000] "POST /graphql/ HTTP/1.1" 200 22771
::1 - - [28/Mar/2021:19:47:02 +0000] "POST /graphql/ HTTP/1.1" 200 764
::1 - - [28/Mar/2021:19:47:17 +0000] "POST /graphql/ HTTP/1.1" 200 22771
::1 - - [28/Mar/2021:19:47:44 +0000] "POST /graphql/ HTTP/1.1" 500 711
::1 - - [28/Mar/2021:19:47:46 +0000] "POST /graphql/ HTTP/1.1" 500 711
::1 - - [28/Mar/2021:19:48:54 +0000] "POST /graphql/ HTTP/1.1" 500 711
::1 - - [28/Mar/2021:19:48:57 +0000] "POST /graphql/ HTTP/1.1" 500 711
::1 - - [28/Mar/2021:19:48:59 +0000] "POST /graphql/ HTTP/1.1" 500 711
::1 - - [28/Mar/2021:19:49:05 +0000] "POST /graphql/ HTTP/1.1" 500 711
::1 - - [28/Mar/2021:19:49:11 +0000] "POST /graphql/ HTTP/1.1" 500 711
::1 - - [28/Mar/2021:19:49:34 +0000] "POST /graphql/ HTTP/1.1" 404 148
::1 - - [28/Mar/2021:19:49:38 +0000] "POST /graphql/ HTTP/1.1" 500 703
::1 - - [28/Mar/2021:19:49:39 +0000] "POST /graphql/ HTTP/1.1" 500 703
::1 - - [28/Mar/2021:19:49:39 +0000] "POST /graphql/ HTTP/1.1" 500 703
::1 - - [28/Mar/2021:19:49:40 +0000] "POST /graphql/ HTTP/1.1" 500 703
::1 - - [28/Mar/2021:19:49:40 +0000] "POST /graphql/ HTTP/1.1" 500 703
::1 - - [28/Mar/2021:19:49:44 +0000] "POST /graphql/ HTTP/1.1" 500 703
::1 - - [28/Mar/2021:19:49:50 +0000] "POST /graphql/ HTTP/1.1" 500 703
::1 - - [28/Mar/2021:19:49:56 +0000] "POST /graphql/ HTTP/1.1" 500 703
::1 - - [28/Mar/2021:19:50:02 +0000] "POST /graphql/ HTTP/1.1" 500 703
::1 - - [28/Mar/2021:19:50:08 +0000] "POST /graphql/ HTTP/1.1" 500 703
::1 - - [28/Mar/2021:19:50:14 +0000] "POST /graphql/ HTTP/1.1" 500 703
::1 - - [28/Mar/2021:19:50:20 +0000] "POST /graphql/ HTTP/1.1" 500 703
::1 - - [28/Mar/2021:19:50:26 +0000] "POST /graphql/ HTTP/1.1" 500 703
::1 - - [28/Mar/2021:19:50:32 +0000] "POST /graphql/ HTTP/1.1" 500 703
::1 - - [28/Mar/2021:19:50:38 +0000] "POST /graphql/ HTTP/1.1" 500 703
::1 - - [28/Mar/2021:19:51:11 +0000] "POST /graphql/ HTTP/1.1" 200 22771
::1 - - [28/Mar/2021:19:51:16 +0000] "POST /graphql/ HTTP/1.1" 200 22771
::1 - - [28/Mar/2021:19:51:19 +0000] "POST /graphql/ HTTP/1.1" 200 22771
::1 - - [28/Mar/2021:19:51:21 +0000] "POST /graphql/ HTTP/1.1" 200 764
::1 - - [28/Mar/2021:19:51:28 +0000] "POST /graphql/ HTTP/1.1" 200 22771
::1 - - [28/Mar/2021:19:53:49 +0000] "POST /graphql/ HTTP/1.1" 404 148
::1 - - [28/Mar/2021:19:53:54 +0000] "POST /graphql/ HTTP/1.1" 200 22771
::1 - - [28/Mar/2021:19:53:58 +0000] "POST /graphql/ HTTP/1.1" 200 764
::1 - - [28/Mar/2021:19:53:58 +0000] "POST /graphql/ HTTP/1.1" 200 22771
::1 - - [28/Mar/2021:19:54:00 +0000] "POST /graphql/ HTTP/1.1" 200 764
::1 - - [28/Mar/2021:19:56:36 +0000] "GET /graphql/ HTTP/1.1" 200 -
::1 - - [28/Mar/2021:19:56:37 +0000] "POST /graphql/ HTTP/1.1" 200 22771
::1 - - [28/Mar/2021:19:56:41 +0000] "POST /graphql/ HTTP/1.1" 200 764
::1 - - [28/Mar/2021:20:09:57 +0000] "GET /graphql/ HTTP/1.1" 200 -
::1 - - [28/Mar/2021:20:09:59 +0000] "POST /graphql/ HTTP/1.1" 200 22771
::1 - - [28/Mar/2021:20:10:02 +0000] "POST /graphql/ HTTP/1.1" 200 764
::1 - - [28/Mar/2021:20:16:25 +0000] "POST /graphql/ HTTP/1.1" 200 22771
::1 - - [28/Mar/2021:20:16:27 +0000] "POST /graphql/en HTTP/1.1" 200 22771
::1 - - [28/Mar/2021:20:16:27 +0000] "POST /graphql/en/ HTTP/1.1" 200 22771
::1 - - [28/Mar/2021:20:16:28 +0000] "POST /graphql/en/loca HTTP/1.1" 200 22771
::1 - - [28/Mar/2021:20:16:31 +0000] "POST /graphql/en/locale HTTP/1.1" - -
::1 - - [28/Mar/2021:20:19:10 +0000] "POST /graphql HTTP/1.1" - -
::1 - - [28/Mar/2021:20:19:46 +0000] "POST /graphql/ HTTP/1.1" 404 148
::1 - - [28/Mar/2021:20:19:46 +0000] "POST /graphql/ HTTP/1.1" 404 148
::1 - - [28/Mar/2021:20:19:52 +0000] "POST /graphql/ HTTP/1.1" 200 22771
::1 - - [28/Mar/2021:20:19:52 +0000] "POST /graphql/ HTTP/1.1" 200 22771
::1 - - [28/Mar/2021:20:19:55 +0000] "POST /graphql/ HTTP/1.1" 200 22771
::1 - - [28/Mar/2021:20:19:55 +0000] "POST /graphql/ HTTP/1.1" 200 22771
::1 - - [28/Mar/2021:20:19:57 +0000] "POST /graphql/ HTTP/1.1" 200 22771
::1 - - [28/Mar/2021:20:19:59 +0000] "POST /graphql/ HTTP/1.1" 200 22771
::1 - - [28/Mar/2021:20:19:59 +0000] "POST /graphql/ HTTP/1.1" 200 764
::1 - - [28/Mar/2021:20:20:01 +0000] "POST /graphql HTTP/1.1" 200 22771
::1 - - [28/Mar/2021:20:20:02 +0000] "POST /graphql HTTP/1.1" 200 22771
::1 - - [28/Mar/2021:20:20:02 +0000] "POST /graphql HTTP/1.1" 200 764
::1 - - [28/Mar/2021:20:20:02 +0000] "POST /graphql HTTP/1.1" 200 764
::1 - - [28/Mar/2021:20:20:03 +0000] "POST /graphql HTTP/1.1" 200 764
::1 - - [28/Mar/2021:20:20:03 +0000] "POST /graphql HTTP/1.1" 200 764
::1 - - [28/Mar/2021:20:20:03 +0000] "POST /graphql HTTP/1.1" 200 764
::1 - - [28/Mar/2021:20:20:03 +0000] "POST /graphql HTTP/1.1" 200 764
::1 - - [28/Mar/2021:20:20:03 +0000] "POST /graphql HTTP/1.1" 200 764
::1 - - [28/Mar/2021:20:49:31 +0000] "GET /graphql/ HTTP/1.1" 200 -
::1 - - [28/Mar/2021:20:49:32 +0000] "POST /graphql HTTP/1.1" 200 22771
::1 - - [28/Mar/2021:20:49:34 +0000] "POST /graphql HTTP/1.1" 200 22771
::1 - - [28/Mar/2021:20:49:52 +0000] "POST /graphql HTTP/1.1" 200 22771
::1 - - [28/Mar/2021:20:49:54 +0000] "POST /graphql HTTP/1.1" 200 22771
::1 - - [28/Mar/2021:20:49:56 +0000] "POST /graphql HTTP/1.1" 200 22771
::1 - - [28/Mar/2021:20:49:58 +0000] "POST /graphql HTTP/1.1" 200 22771
::1 - - [28/Mar/2021:20:50:00 +0000] "POST /graphql HTTP/1.1" 200 22771
::1 - - [28/Mar/2021:20:53:23 +0000] "POST /graphql HTTP/1.1" 200 22771
::1 - - [28/Mar/2021:20:53:25 +0000] "POST /graphql HTTP/1.1" 200 22771
::1 - - [28/Mar/2021:20:53:28 +0000] "POST /graphql HTTP/1.1" 200 22771
::1 - - [28/Mar/2021:20:53:30 +0000] "POST /graphql HTTP/1.1" 200 22771
::1 - - [28/Mar/2021:20:53:30 +0000] "POST /graphql HTTP/1.1" 200 54
::1 - - [28/Mar/2021:20:53:32 +0000] "POST /graphql HTTP/1.1" 200 22771
::1 - - [28/Mar/2021:20:56:05 +0000] "POST /graphql HTTP/1.1" 404 147
::1 - - [28/Mar/2021:20:56:10 +0000] "POST /graphql HTTP/1.1" 200 22771
::1 - - [28/Mar/2021:20:56:11 +0000] "POST /graphql HTTP/1.1" 200 54
::1 - - [28/Mar/2021:20:56:12 +0000] "POST /graphql HTTP/1.1" 200 54
::1 - - [28/Mar/2021:20:56:12 +0000] "POST /graphql HTTP/1.1" 200 54
::1 - - [28/Mar/2021:20:56:12 +0000] "POST /graphql HTTP/1.1" 200 54
::1 - - [28/Mar/2021:20:56:12 +0000] "POST /graphql HTTP/1.1" 200 54
::1 - - [28/Mar/2021:20:56:12 +0000] "POST /graphql HTTP/1.1" 200 22771
::1 - - [28/Mar/2021:20:56:12 +0000] "POST /graphql HTTP/1.1" 200 54
::1 - - [28/Mar/2021:20:56:14 +0000] "POST /graphql HTTP/1.1" 200 54
::1 - - [28/Mar/2021:20:56:14 +0000] "POST /graphql HTTP/1.1" 200 54
::1 - - [28/Mar/2021:20:56:14 +0000] "POST /graphql HTTP/1.1" 200 54
::1 - - [28/Mar/2021:20:56:24 +0000] "POST /graphql HTTP/1.1" 200 22771
::1 - - [28/Mar/2021:20:56:26 +0000] "POST /graphql HTTP/1.1" 200 22771
::1 - - [28/Mar/2021:20:56:38 +0000] "POST /graphql HTTP/1.1" 200 22771
::1 - - [28/Mar/2021:20:56:42 +0000] "POST /graphql HTTP/1.1" 200 22771
::1 - - [28/Mar/2021:20:56:48 +0000] "POST /graphql HTTP/1.1" 200 22771
::1 - - [28/Mar/2021:20:56:50 +0000] "POST /graphql HTTP/1.1" 400 1356
::1 - - [28/Mar/2021:20:56:50 +0000] "POST /graphql HTTP/1.1" 200 22771
::1 - - [28/Mar/2021:20:56:52 +0000] "POST /graphql HTTP/1.1" 200 22771
::1 - - [28/Mar/2021:20:57:22 +0000] "POST /graphql HTTP/1.1" 404 147
::1 - - [28/Mar/2021:20:57:30 +0000] "POST /graphql HTTP/1.1" 404 147
::1 - - [28/Mar/2021:20:57:36 +0000] "POST /graphql HTTP/1.1" 200 22771
::1 - - [28/Mar/2021:20:57:38 +0000] "POST /graphql HTTP/1.1" 400 1356
::1 - - [28/Mar/2021:20:57:38 +0000] "POST /graphql HTTP/1.1" 200 22771
::1 - - [28/Mar/2021:20:57:38 +0000] "POST /graphql HTTP/1.1" 400 1356
::1 - - [28/Mar/2021:20:57:40 +0000] "POST /graphql HTTP/1.1" 400 1356
::1 - - [28/Mar/2021:20:57:42 +0000] "POST /graphql HTTP/1.1" 200 22771
::1 - - [28/Mar/2021:20:57:43 +0000] "POST /graphql HTTP/1.1" 200 54
::1 - - [28/Mar/2021:20:57:43 +0000] "POST /graphql HTTP/1.1" 200 54
::1 - - [28/Mar/2021:20:57:44 +0000] "POST /graphql HTTP/1.1" 200 22771
::1 - - [28/Mar/2021:20:57:46 +0000] "POST /graphql HTTP/1.1" 400 1356
::1 - - [28/Mar/2021:20:57:46 +0000] "POST /graphql HTTP/1.1" 200 22771
::1 - - [28/Mar/2021:20:57:46 +0000] "POST /graphql HTTP/1.1" 400 1356
::1 - - [28/Mar/2021:20:58:05 +0000] "POST /graphql HTTP/1.1" 200 22771
::1 - - [28/Mar/2021:20:58:07 +0000] "POST /graphql HTTP/1.1" 200 22771
::1 - - [28/Mar/2021:20:58:08 +0000] "POST /graphql HTTP/1.1" 400 2701
::1 - - [28/Mar/2021:20:58:09 +0000] "POST /graphql HTTP/1.1" 400 2701
::1 - - [28/Mar/2021:20:58:09 +0000] "POST /graphql HTTP/1.1" 400 2701
::1 - - [28/Mar/2021:20:58:09 +0000] "POST /graphql HTTP/1.1" 200 22771
::1 - - [28/Mar/2021:20:59:10 +0000] "POST /graphql HTTP/1.1" 400 2701
::1 - - [28/Mar/2021:20:59:10 +0000] "POST /graphql HTTP/1.1" 400 2701
::1 - - [28/Mar/2021:20:59:10 +0000] "POST /graphql HTTP/1.1" 400 2701
::1 - - [28/Mar/2021:20:59:10 +0000] "POST /graphql HTTP/1.1" 400 2701
::1 - - [28/Mar/2021:20:59:10 +0000] "POST /graphql HTTP/1.1" 400 2701
::1 - - [28/Mar/2021:20:59:11 +0000] "POST /graphql HTTP/1.1" 200 22771
::1 - - [28/Mar/2021:20:59:11 +0000] "POST /graphql HTTP/1.1" 400 2701
::1 - - [28/Mar/2021:20:59:11 +0000] "POST /graphql HTTP/1.1" 400 2701
::1 - - [28/Mar/2021:20:59:11 +0000] "POST /graphql HTTP/1.1" 400 2701
::1 - - [28/Mar/2021:20:59:11 +0000] "POST /graphql HTTP/1.1" 400 2701
::1 - - [28/Mar/2021:20:59:11 +0000] "POST /graphql HTTP/1.1" 400 2701
::1 - - [28/Mar/2021:20:59:11 +0000] "POST /graphql HTTP/1.1" 400 2701
::1 - - [28/Mar/2021:20:59:12 +0000] "POST /graphql HTTP/1.1" 400 2701
::1 - - [28/Mar/2021:20:59:12 +0000] "POST /graphql HTTP/1.1" 400 2701
::1 - - [28/Mar/2021:20:59:13 +0000] "POST /graphql HTTP/1.1" 200 22771
::1 - - [28/Mar/2021:20:59:15 +0000] "POST /graphql HTTP/1.1" 200 22771
::1 - - [28/Mar/2021:20:59:17 +0000] "POST /graphql HTTP/1.1" 200 22771
::1 - - [28/Mar/2021:21:03:12 +0000] "POST /graphql HTTP/1.1" 400 2701
::1 - - [28/Mar/2021:21:03:12 +0000] "POST /graphql HTTP/1.1" 400 2701
::1 - - [28/Mar/2021:21:03:12 +0000] "POST /graphql HTTP/1.1" 400 2701
::1 - - [28/Mar/2021:21:03:13 +0000] "POST /graphql HTTP/1.1" 400 2701
::1 - - [28/Mar/2021:21:03:13 +0000] "POST /graphql HTTP/1.1" 400 2701
::1 - - [28/Mar/2021:21:03:13 +0000] "POST /graphql HTTP/1.1" 400 2701
::1 - - [28/Mar/2021:21:03:13 +0000] "POST /graphql HTTP/1.1" 200 22771
::1 - - [28/Mar/2021:21:03:13 +0000] "POST /graphql HTTP/1.1" 400 2701
::1 - - [28/Mar/2021:21:03:13 +0000] "POST /graphql HTTP/1.1" 400 2701
::1 - - [28/Mar/2021:21:03:13 +0000] "POST /graphql HTTP/1.1" 400 2701
::1 - - [28/Mar/2021:21:03:14 +0000] "POST /graphql HTTP/1.1" 400 2701
::1 - - [28/Mar/2021:21:03:17 +0000] "POST /graphql HTTP/1.1" 200 22771
::1 - - [28/Mar/2021:21:03:20 +0000] "POST /graphql HTTP/1.1" 200 22771
::1 - - [28/Mar/2021:21:03:22 +0000] "POST /graphql HTTP/1.1" 200 22771
::1 - - [28/Mar/2021:21:05:16 +0000] "POST /graphql HTTP/1.1" 200 22771
::1 - - [28/Mar/2021:21:05:18 +0000] "POST /graphql HTTP/1.1" 200 22771
::1 - - [28/Mar/2021:21:05:20 +0000] "POST /graphql HTTP/1.1" 200 22771
::1 - - [28/Mar/2021:21:05:21 +0000] "POST /graphql HTTP/1.1" 400 2697
::1 - - [28/Mar/2021:21:05:22 +0000] "POST /graphql HTTP/1.1" 200 22771
::1 - - [28/Mar/2021:21:05:23 +0000] "GET /graphql/ HTTP/1.1" 200 -
::1 - - [28/Mar/2021:21:05:24 +0000] "POST /graphql HTTP/1.1" 200 22771
::1 - - [28/Mar/2021:21:05:25 +0000] "POST /graphql HTTP/1.1" 400 2697
::1 - - [28/Mar/2021:21:05:26 +0000] "POST /graphql HTTP/1.1" 200 22771
::1 - - [28/Mar/2021:21:05:28 +0000] "POST /graphql HTTP/1.1" 200 22771
::1 - - [28/Mar/2021:21:05:30 +0000] "POST /graphql HTTP/1.1" 200 22771
::1 - - [28/Mar/2021:21:05:32 +0000] "POST /graphql HTTP/1.1" 200 22771
::1 - - [28/Mar/2021:21:05:33 +0000] "POST /graphql HTTP/1.1" 400 1322
::1 - - [28/Mar/2021:21:05:34 +0000] "POST /graphql HTTP/1.1" 200 22771
::1 - - [28/Mar/2021:21:05:36 +0000] "POST /graphql HTTP/1.1" 200 22771
::1 - - [28/Mar/2021:21:05:38 +0000] "POST /graphql HTTP/1.1" 200 22771
::1 - - [28/Mar/2021:21:05:39 +0000] "POST /graphql HTTP/1.1" 400 2697
::1 - - [28/Mar/2021:21:05:40 +0000] "POST /graphql HTTP/1.1" 200 22771
::1 - - [28/Mar/2021:21:05:42 +0000] "POST /graphql HTTP/1.1" 200 22771
::1 - - [28/Mar/2021:21:05:44 +0000] "POST /graphql HTTP/1.1" 200 22771
::1 - - [28/Mar/2021:21:11:08 +0000] "POST /graphql HTTP/1.1" 200 22771
::1 - - [28/Mar/2021:21:11:10 +0000] "POST /graphql HTTP/1.1" 200 22771
::1 - - [28/Mar/2021:21:11:31 +0000] "POST /graphql HTTP/1.1" 200 22771
::1 - - [28/Mar/2021:21:11:33 +0000] "POST /graphql HTTP/1.1" 200 22771
::1 - - [28/Mar/2021:21:11:35 +0000] "POST /graphql HTTP/1.1" 200 22771
::1 - - [28/Mar/2021:21:11:37 +0000] "POST /graphql HTTP/1.1" 200 22771
::1 - - [28/Mar/2021:21:12:11 +0000] "POST /graphql HTTP/1.1" 200 22771
::1 - - [28/Mar/2021:21:12:15 +0000] "POST /graphql HTTP/1.1" 200 22771
::1 - - [28/Mar/2021:21:12:17 +0000] "POST /graphql HTTP/1.1" 200 22771
::1 - - [28/Mar/2021:21:12:20 +0000] "POST /graphql HTTP/1.1" 200 22771
::1 - - [28/Mar/2021:21:12:23 +0000] "POST /graphql HTTP/1.1" 200 22771
::1 - - [28/Mar/2021:21:12:26 +0000] "POST /graphql HTTP/1.1" 200 22771
::1 - - [28/Mar/2021:21:12:29 +0000] "POST /graphql HTTP/1.1" 200 22771
::1 - - [29/Mar/2021:13:06:03 +0000] "GET /graphql/ HTTP/1.1" 200 -
::1 - - [29/Mar/2021:13:06:05 +0000] "POST /graphql HTTP/1.1" 200 22965
::1 - - [29/Mar/2021:13:06:08 +0000] "POST /graphql HTTP/1.1" 200 22965
::1 - - [29/Mar/2021:13:06:10 +0000] "POST /graphql HTTP/1.1" 200 22965
::1 - - [29/Mar/2021:13:06:12 +0000] "POST /graphql HTTP/1.1" 200 22965
::1 - - [29/Mar/2021:13:06:12 +0000] "POST /graphql HTTP/1.1" 200 40
::1 - - [29/Mar/2021:13:12:12 +0000] "POST /graphql HTTP/1.1" 200 40
::1 - - [29/Mar/2021:13:12:12 +0000] "POST /graphql HTTP/1.1" 200 40
::1 - - [29/Mar/2021:13:12:12 +0000] "POST /graphql HTTP/1.1" 200 22965
::1 - - [29/Mar/2021:13:13:55 +0000] "POST /graphql HTTP/1.1" 200 22771
::1 - - [29/Mar/2021:13:13:57 +0000] "POST /graphql HTTP/1.1" 200 22771
::1 - - [29/Mar/2021:13:14:00 +0000] "POST /graphql HTTP/1.1" 200 22771
::1 - - [29/Mar/2021:13:14:16 +0000] "POST /graphql HTTP/1.1" 200 22771
::1 - - [29/Mar/2021:13:14:25 +0000] "POST /graphql HTTP/1.1" 200 22771
::1 - - [29/Mar/2021:13:14:27 +0000] "POST /graphql HTTP/1.1" 200 778
::1 - - [29/Mar/2021:13:14:27 +0000] "POST /graphql HTTP/1.1" 200 22771
::1 - - [29/Mar/2021:13:14:29 +0000] "POST /graphql HTTP/1.1" 200 22771
::1 - - [29/Mar/2021:13:14:31 +0000] "POST /graphql HTTP/1.1" 200 22771
::1 - - [29/Mar/2021:13:14:46 +0000] "POST /graphql HTTP/1.1" 200 778
::1 - - [29/Mar/2021:13:14:47 +0000] "POST /graphql HTTP/1.1" 200 22771
::1 - - [29/Mar/2021:13:14:47 +0000] "POST /graphql HTTP/1.1" 200 778
::1 - - [29/Mar/2021:13:27:10 +0000] "POST /graphql HTTP/1.1" 404 147
::1 - - [29/Mar/2021:13:27:10 +0000] "POST /graphql HTTP/1.1" 404 147
::1 - - [29/Mar/2021:13:27:11 +0000] "POST /graphql HTTP/1.1" 404 147
::1 - - [29/Mar/2021:13:27:11 +0000] "POST /graphql HTTP/1.1" 404 147
::1 - - [29/Mar/2021:13:27:16 +0000] "POST /graphql HTTP/1.1" 404 147
::1 - - [29/Mar/2021:13:27:22 +0000] "POST /graphql HTTP/1.1" 404 147
::1 - - [29/Mar/2021:13:28:08 +0000] "POST /graphql HTTP/1.1" 404 147
::1 - - [29/Mar/2021:13:28:14 +0000] "POST /graphql HTTP/1.1" 404 147
::1 - - [29/Mar/2021:13:28:18 +0000] "POST /graphql HTTP/1.1" 404 147
::1 - - [29/Mar/2021:13:28:19 +0000] "POST /graphql HTTP/1.1" 404 147
::1 - - [29/Mar/2021:13:28:19 +0000] "POST /graphql HTTP/1.1" 404 147
::1 - - [29/Mar/2021:13:28:19 +0000] "POST /graphql HTTP/1.1" 404 147
::1 - - [29/Mar/2021:13:28:19 +0000] "POST /graphql HTTP/1.1" 404 147
::1 - - [29/Mar/2021:13:28:19 +0000] "POST /graphql HTTP/1.1" 404 147
::1 - - [29/Mar/2021:13:28:20 +0000] "POST /graphql HTTP/1.1" 404 147
::1 - - [29/Mar/2021:13:28:20 +0000] "POST /graphql HTTP/1.1" 404 147
::1 - - [29/Mar/2021:13:28:22 +0000] "GET /graphql/ HTTP/1.1" 404 147
::1 - - [29/Mar/2021:13:28:23 +0000] "GET /graphql/ HTTP/1.1" 404 147
::1 - - [29/Mar/2021:13:28:28 +0000] "GET /graphql/ HTTP/1.1" 404 147
::1 - - [29/Mar/2021:13:28:32 +0000] "GET /graphql HTTP/1.1" 404 146
::1 - - [29/Mar/2021:13:43:01 +0000] "GET /graphql/ HTTP/1.1" 404 147
::1 - - [29/Mar/2021:13:43:04 +0000] "GET /graphql/ HTTP/1.1" 404 147
::1 - - [29/Mar/2021:13:43:47 +0000] "GET /graphql/ HTTP/1.1" 404 147
::1 - - [29/Mar/2021:13:43:48 +0000] "GET /graphql/ HTTP/1.1" 404 147
::1 - - [29/Mar/2021:13:44:32 +0000] "GET /graphql/ HTTP/1.1" 200 -
::1 - - [29/Mar/2021:13:44:33 +0000] "POST /graphql HTTP/1.1" 200 22771
::1 - - [29/Mar/2021:13:44:39 +0000] "POST /graphql HTTP/1.1" 200 778
::1 - - [29/Mar/2021:13:44:39 +0000] "POST /graphql HTTP/1.1" 200 22771
::1 - - [29/Mar/2021:13:46:00 +0000] "GET /graphql HTTP/1.1" 200 -
::1 - - [29/Mar/2021:13:46:01 +0000] "POST /graphql HTTP/1.1" 200 22771
::1 - - [29/Mar/2021:13:46:03 +0000] "POST /graphql HTTP/1.1" 200 22771
::1 - - [29/Mar/2021:13:46:05 +0000] "POST /graphql HTTP/1.1" 200 22771
::1 - - [29/Mar/2021:13:46:08 +0000] "POST /graphql HTTP/1.1" 200 778
::1 - - [29/Mar/2021:13:46:08 +0000] "POST /graphql HTTP/1.1" 200 22771
::1 - - [29/Mar/2021:13:47:08 +0000] "POST /graphql HTTP/1.1" 200 778
::1 - - [29/Mar/2021:13:47:09 +0000] "POST /graphql HTTP/1.1" 200 778
::1 - - [29/Mar/2021:13:47:09 +0000] "GET /graphql/ HTTP/1.1" 200 -
::1 - - [29/Mar/2021:13:47:10 +0000] "POST /graphql HTTP/1.1" 200 22771
::1 - - [29/Mar/2021:13:47:11 +0000] "POST /graphql HTTP/1.1" 200 778
::1 - - [29/Mar/2021:13:47:12 +0000] "POST /graphql HTTP/1.1" 200 22771
::1 - - [29/Mar/2021:13:47:17 +0000] "POST /graphql HTTP/1.1" 200 22771
::1 - - [29/Mar/2021:13:51:59 +0000] "POST /graphql HTTP/1.1" 404 147
::1 - - [29/Mar/2021:13:52:20 +0000] "POST /graphql HTTP/1.1" 200 22771
::1 - - [29/Mar/2021:13:52:22 +0000] "POST /graphql HTTP/1.1" 200 22771
::1 - - [29/Mar/2021:13:52:26 +0000] "GET /graphql/ HTTP/1.1" 200 -
::1 - - [29/Mar/2021:13:52:28 +0000] "POST /graphql HTTP/1.1" 200 22771
::1 - - [29/Mar/2021:13:52:30 +0000] "POST /graphql HTTP/1.1" 200 778
::1 - - [29/Mar/2021:13:52:30 +0000] "POST /graphql HTTP/1.1" 200 22771
::1 - - [29/Mar/2021:13:54:05 +0000] "POST /graphql HTTP/1.1" 404 147
::1 - - [29/Mar/2021:13:54:13 +0000] "POST /graphql HTTP/1.1" 404 147
::1 - - [29/Mar/2021:13:54:18 +0000] "POST /graphql HTTP/1.1" 404 147
::1 - - [29/Mar/2021:13:54:25 +0000] "POST /graphql HTTP/1.1" 404 147
::1 - - [29/Mar/2021:13:54:30 +0000] "POST /graphql HTTP/1.1" 404 147
::1 - - [29/Mar/2021:13:54:36 +0000] "POST /graphql HTTP/1.1" 404 147
::1 - - [29/Mar/2021:13:55:12 +0000] "POST /graphql HTTP/1.1" 404 147
::1 - - [29/Mar/2021:13:55:17 +0000] "POST /graphql HTTP/1.1" 404 147
::1 - - [29/Mar/2021:13:55:18 +0000] "POST /graphql HTTP/1.1" 404 147
::1 - - [29/Mar/2021:13:55:19 +0000] "POST /graphql HTTP/1.1" 404 147
::1 - - [29/Mar/2021:13:55:22 +0000] "POST /graphql HTTP/1.1" 404 147
::1 - - [29/Mar/2021:13:55:28 +0000] "POST /graphql HTTP/1.1" 404 147
::1 - - [29/Mar/2021:13:55:34 +0000] "POST /graphql HTTP/1.1" 404 147
::1 - - [29/Mar/2021:13:55:40 +0000] "POST /graphql HTTP/1.1" 404 147
::1 - - [29/Mar/2021:13:55:46 +0000] "POST /graphql HTTP/1.1" 404 147
::1 - - [29/Mar/2021:13:55:52 +0000] "POST /graphql HTTP/1.1" 404 147
::1 - - [29/Mar/2021:13:55:58 +0000] "POST /graphql HTTP/1.1" 404 147
::1 - - [29/Mar/2021:13:56:04 +0000] "POST /graphql HTTP/1.1" 404 147
::1 - - [29/Mar/2021:13:56:11 +0000] "POST /graphql HTTP/1.1" 404 147
::1 - - [29/Mar/2021:13:56:18 +0000] "POST /graphql HTTP/1.1" 404 147
::1 - - [29/Mar/2021:13:56:23 +0000] "POST /graphql HTTP/1.1" 404 147
::1 - - [29/Mar/2021:13:56:23 +0000] "POST /graphql HTTP/1.1" 404 147
::1 - - [29/Mar/2021:13:56:23 +0000] "POST /graphql HTTP/1.1" 404 147
::1 - - [29/Mar/2021:13:56:23 +0000] "POST /graphql HTTP/1.1" 404 147
::1 - - [29/Mar/2021:13:56:29 +0000] "POST /graphql HTTP/1.1" 404 147
::1 - - [29/Mar/2021:13:57:06 +0000] "POST /graphql HTTP/1.1" 404 147
::1 - - [29/Mar/2021:13:57:12 +0000] "POST /graphql HTTP/1.1" 404 147
::1 - - [29/Mar/2021:13:57:13 +0000] "POST /graphql HTTP/1.1" 404 147
::1 - - [29/Mar/2021:13:57:13 +0000] "POST /graphql HTTP/1.1" 404 147
::1 - - [29/Mar/2021:13:57:14 +0000] "POST /graphql HTTP/1.1" 404 147
::1 - - [29/Mar/2021:13:57:14 +0000] "POST /graphql HTTP/1.1" 404 147
::1 - - [29/Mar/2021:13:57:14 +0000] "POST /graphql HTTP/1.1" 404 147
::1 - - [29/Mar/2021:13:57:17 +0000] "POST /graphql HTTP/1.1" 404 147
::1 - - [29/Mar/2021:13:57:23 +0000] "POST /graphql HTTP/1.1" 404 147
::1 - - [29/Mar/2021:13:57:30 +0000] "POST /graphql HTTP/1.1" 404 147
::1 - - [29/Mar/2021:13:57:35 +0000] "POST /graphql HTTP/1.1" 404 147
::1 - - [29/Mar/2021:13:57:53 +0000] "POST /graphql HTTP/1.1" 404 147
::1 - - [29/Mar/2021:13:58:03 +0000] "POST /graphql HTTP/1.1" 404 147
::1 - - [29/Mar/2021:13:58:09 +0000] "POST /graphql HTTP/1.1" 404 147
::1 - - [29/Mar/2021:13:58:15 +0000] "POST /graphql HTTP/1.1" 404 147
::1 - - [29/Mar/2021:13:58:21 +0000] "POST /graphql HTTP/1.1" 404 147
::1 - - [29/Mar/2021:13:58:29 +0000] "POST /graphql HTTP/1.1" 404 147
::1 - - [29/Mar/2021:13:58:35 +0000] "POST /graphql HTTP/1.1" 404 147
::1 - - [29/Mar/2021:13:58:41 +0000] "POST /graphql HTTP/1.1" 404 147
::1 - - [29/Mar/2021:13:58:48 +0000] "POST /graphql HTTP/1.1" 404 147
::1 - - [29/Mar/2021:13:58:54 +0000] "POST /graphql HTTP/1.1" 404 147
::1 - - [29/Mar/2021:13:59:00 +0000] "POST /graphql HTTP/1.1" 404 147
::1 - - [29/Mar/2021:13:59:08 +0000] "POST /graphql HTTP/1.1" 404 147
::1 - - [29/Mar/2021:13:59:14 +0000] "POST /graphql HTTP/1.1" 404 147
::1 - - [29/Mar/2021:13:59:19 +0000] "POST /graphql HTTP/1.1" 404 147
::1 - - [29/Mar/2021:13:59:26 +0000] "POST /graphql HTTP/1.1" 404 147
::1 - - [29/Mar/2021:13:59:32 +0000] "POST /graphql HTTP/1.1" 404 147
::1 - - [29/Mar/2021:13:59:40 +0000] "POST /graphql HTTP/1.1" 404 147
::1 - - [29/Mar/2021:13:59:45 +0000] "POST /graphql HTTP/1.1" 404 147
::1 - - [29/Mar/2021:13:59:51 +0000] "POST /graphql HTTP/1.1" 404 147
::1 - - [29/Mar/2021:13:59:59 +0000] "POST /graphql HTTP/1.1" 404 147
::1 - - [29/Mar/2021:14:00:05 +0000] "POST /graphql HTTP/1.1" 404 147
::1 - - [29/Mar/2021:14:00:11 +0000] "POST /graphql HTTP/1.1" 404 147
::1 - - [29/Mar/2021:14:00:19 +0000] "POST /graphql HTTP/1.1" 404 147
::1 - - [29/Mar/2021:14:00:24 +0000] "POST /graphql HTTP/1.1" 404 147
::1 - - [29/Mar/2021:14:00:31 +0000] "POST /graphql HTTP/1.1" 404 147
::1 - - [29/Mar/2021:14:00:37 +0000] "POST /graphql HTTP/1.1" 404 147
::1 - - [29/Mar/2021:14:00:45 +0000] "POST /graphql HTTP/1.1" 404 147
::1 - - [29/Mar/2021:14:00:50 +0000] "POST /graphql HTTP/1.1" 404 147
::1 - - [29/Mar/2021:14:00:58 +0000] "POST /graphql HTTP/1.1" 404 147
::1 - - [29/Mar/2021:14:01:03 +0000] "POST /graphql HTTP/1.1" 404 147
::1 - - [29/Mar/2021:14:01:09 +0000] "POST /graphql HTTP/1.1" 404 147
::1 - - [29/Mar/2021:14:01:16 +0000] "POST /graphql HTTP/1.1" 404 147
::1 - - [29/Mar/2021:14:01:21 +0000] "POST /graphql HTTP/1.1" 404 147
::1 - - [29/Mar/2021:14:01:27 +0000] "POST /graphql HTTP/1.1" 404 147
::1 - - [29/Mar/2021:14:01:33 +0000] "POST /graphql HTTP/1.1" 404 147
::1 - - [29/Mar/2021:14:01:41 +0000] "POST /graphql HTTP/1.1" 404 147
::1 - - [29/Mar/2021:14:01:46 +0000] "POST /graphql HTTP/1.1" 404 147
::1 - - [29/Mar/2021:14:01:51 +0000] "POST /graphql HTTP/1.1" 404 147
::1 - - [29/Mar/2021:14:01:57 +0000] "POST /graphql HTTP/1.1" 404 147
::1 - - [29/Mar/2021:14:02:04 +0000] "POST /graphql HTTP/1.1" 404 147
::1 - - [29/Mar/2021:14:02:10 +0000] "POST /graphql HTTP/1.1" 404 147
::1 - - [29/Mar/2021:14:02:53 +0000] "POST /graphql HTTP/1.1" 404 147
::1 - - [29/Mar/2021:14:02:58 +0000] "POST /graphql HTTP/1.1" 404 147
::1 - - [29/Mar/2021:14:02:59 +0000] "POST /graphql HTTP/1.1" 404 147
::1 - - [29/Mar/2021:14:02:59 +0000] "POST /graphql HTTP/1.1" 404 147
::1 - - [29/Mar/2021:14:02:59 +0000] "POST /graphql HTTP/1.1" 404 147
::1 - - [29/Mar/2021:14:02:59 +0000] "POST /graphql HTTP/1.1" 404 147
::1 - - [29/Mar/2021:14:02:59 +0000] "POST /graphql HTTP/1.1" 404 147
::1 - - [29/Mar/2021:14:03:00 +0000] "POST /graphql HTTP/1.1" 404 147
::1 - - [29/Mar/2021:14:03:00 +0000] "POST /graphql HTTP/1.1" 404 147
::1 - - [29/Mar/2021:14:03:00 +0000] "POST /graphql HTTP/1.1" 404 147
::1 - - [29/Mar/2021:14:03:00 +0000] "POST /graphql HTTP/1.1" 404 147
::1 - - [29/Mar/2021:14:03:00 +0000] "POST /graphql HTTP/1.1" 404 147
::1 - - [29/Mar/2021:14:03:00 +0000] "POST /graphql HTTP/1.1" 404 147
::1 - - [29/Mar/2021:14:03:03 +0000] "POST /graphql HTTP/1.1" 404 147
::1 - - [29/Mar/2021:14:03:08 +0000] "POST /graphql HTTP/1.1" 404 147
::1 - - [29/Mar/2021:14:03:15 +0000] "POST /graphql HTTP/1.1" 404 147
::1 - - [29/Mar/2021:14:03:21 +0000] "POST /graphql HTTP/1.1" 404 147
::1 - - [29/Mar/2021:14:03:28 +0000] "POST /graphql HTTP/1.1" 404 147
::1 - - [29/Mar/2021:14:03:33 +0000] "POST /graphql HTTP/1.1" 404 147
::1 - - [29/Mar/2021:14:03:39 +0000] "POST /graphql HTTP/1.1" 404 147
::1 - - [29/Mar/2021:14:04:17 +0000] "POST /graphql HTTP/1.1" 404 147
::1 - - [29/Mar/2021:14:04:22 +0000] "POST /graphql HTTP/1.1" 404 147
::1 - - [29/Mar/2021:14:04:22 +0000] "POST /graphql HTTP/1.1" 404 147
::1 - - [29/Mar/2021:14:04:23 +0000] "POST /graphql HTTP/1.1" 404 147
::1 - - [29/Mar/2021:14:04:23 +0000] "POST /graphql HTTP/1.1" 404 147
::1 - - [29/Mar/2021:14:04:23 +0000] "POST /graphql HTTP/1.1" 404 147
::1 - - [29/Mar/2021:14:04:23 +0000] "POST /graphql HTTP/1.1" 404 147
::1 - - [29/Mar/2021:14:04:23 +0000] "POST /graphql HTTP/1.1" 404 147
::1 - - [29/Mar/2021:14:04:24 +0000] "POST /graphql HTTP/1.1" 404 147
::1 - - [29/Mar/2021:14:04:24 +0000] "POST /graphql HTTP/1.1" 404 147
::1 - - [29/Mar/2021:14:04:24 +0000] "POST /graphql HTTP/1.1" 404 147
::1 - - [29/Mar/2021:14:04:24 +0000] "POST /graphql HTTP/1.1" 404 147
::1 - - [29/Mar/2021:14:04:28 +0000] "POST /graphql HTTP/1.1" 404 147
::1 - - [29/Mar/2021:14:04:34 +0000] "POST /graphql HTTP/1.1" 404 147
::1 - - [29/Mar/2021:14:04:39 +0000] "POST /graphql HTTP/1.1" 404 147
::1 - - [29/Mar/2021:14:04:47 +0000] "POST /graphql HTTP/1.1" 404 147
::1 - - [29/Mar/2021:14:04:54 +0000] "POST /graphql HTTP/1.1" 404 147
::1 - - [29/Mar/2021:14:05:01 +0000] "POST /graphql HTTP/1.1" 404 147
::1 - - [29/Mar/2021:14:05:08 +0000] "POST /graphql HTTP/1.1" 404 147
::1 - - [29/Mar/2021:14:05:15 +0000] "POST /graphql HTTP/1.1" 404 147
::1 - - [29/Mar/2021:14:05:21 +0000] "POST /graphql HTTP/1.1" 404 147
::1 - - [29/Mar/2021:14:05:28 +0000] "POST /graphql HTTP/1.1" 404 147
::1 - - [29/Mar/2021:14:05:35 +0000] "POST /graphql HTTP/1.1" 404 147
::1 - - [29/Mar/2021:14:05:42 +0000] "POST /graphql HTTP/1.1" 404 147
::1 - - [29/Mar/2021:14:05:49 +0000] "POST /graphql HTTP/1.1" 404 147
::1 - - [29/Mar/2021:14:05:55 +0000] "POST /graphql HTTP/1.1" 404 147
::1 - - [29/Mar/2021:14:06:02 +0000] "POST /graphql HTTP/1.1" 404 147
::1 - - [29/Mar/2021:14:06:08 +0000] "POST /graphql HTTP/1.1" 404 147
::1 - - [29/Mar/2021:14:06:14 +0000] "POST /graphql HTTP/1.1" 404 147
::1 - - [29/Mar/2021:14:06:20 +0000] "POST /graphql HTTP/1.1" 404 147
::1 - - [29/Mar/2021:14:06:27 +0000] "POST /graphql HTTP/1.1" 404 147
::1 - - [29/Mar/2021:14:06:34 +0000] "POST /graphql HTTP/1.1" 404 147
::1 - - [29/Mar/2021:14:06:41 +0000] "POST /graphql HTTP/1.1" 404 147
::1 - - [29/Mar/2021:14:06:47 +0000] "POST /graphql HTTP/1.1" 404 147
::1 - - [29/Mar/2021:14:06:54 +0000] "POST /graphql HTTP/1.1" 404 147
::1 - - [29/Mar/2021:14:07:01 +0000] "POST /graphql HTTP/1.1" 404 147
::1 - - [29/Mar/2021:14:07:06 +0000] "POST /graphql HTTP/1.1" 404 147
::1 - - [29/Mar/2021:14:07:14 +0000] "POST /graphql HTTP/1.1" 404 147
::1 - - [29/Mar/2021:14:07:20 +0000] "POST /graphql HTTP/1.1" 404 147
::1 - - [29/Mar/2021:14:07:26 +0000] "POST /graphql HTTP/1.1" 404 147
::1 - - [29/Mar/2021:14:07:32 +0000] "POST /graphql HTTP/1.1" 404 147
::1 - - [29/Mar/2021:14:07:38 +0000] "POST /graphql HTTP/1.1" 404 147
::1 - - [29/Mar/2021:14:07:44 +0000] "POST /graphql HTTP/1.1" 404 147
::1 - - [29/Mar/2021:14:07:51 +0000] "POST /graphql HTTP/1.1" 404 147
::1 - - [29/Mar/2021:14:07:57 +0000] "POST /graphql HTTP/1.1" 404 147
::1 - - [29/Mar/2021:14:08:03 +0000] "POST /graphql HTTP/1.1" 404 147
::1 - - [29/Mar/2021:14:08:09 +0000] "POST /graphql HTTP/1.1" 404 147
::1 - - [29/Mar/2021:14:08:16 +0000] "POST /graphql HTTP/1.1" 404 147
::1 - - [29/Mar/2021:14:08:23 +0000] "POST /graphql HTTP/1.1" 404 147
::1 - - [29/Mar/2021:14:08:28 +0000] "POST /graphql HTTP/1.1" 404 147
::1 - - [29/Mar/2021:14:08:35 +0000] "POST /graphql HTTP/1.1" 404 147
::1 - - [29/Mar/2021:14:08:41 +0000] "POST /graphql HTTP/1.1" 404 147
::1 - - [29/Mar/2021:14:08:47 +0000] "POST /graphql HTTP/1.1" 404 147
::1 - - [29/Mar/2021:14:08:53 +0000] "POST /graphql HTTP/1.1" 404 147
::1 - - [29/Mar/2021:14:08:58 +0000] "POST /graphql HTTP/1.1" 404 147
::1 - - [29/Mar/2021:14:09:04 +0000] "POST /graphql HTTP/1.1" 404 147
::1 - - [29/Mar/2021:14:09:11 +0000] "POST /graphql HTTP/1.1" 404 147
::1 - - [29/Mar/2021:14:09:17 +0000] "POST /graphql HTTP/1.1" 404 147
::1 - - [29/Mar/2021:14:09:24 +0000] "POST /graphql HTTP/1.1" 404 147
::1 - - [29/Mar/2021:14:09:31 +0000] "POST /graphql HTTP/1.1" 404 147
::1 - - [29/Mar/2021:14:09:37 +0000] "POST /graphql HTTP/1.1" 404 147
::1 - - [29/Mar/2021:14:09:43 +0000] "POST /graphql HTTP/1.1" 404 147
::1 - - [29/Mar/2021:14:09:49 +0000] "POST /graphql HTTP/1.1" 404 147
::1 - - [29/Mar/2021:14:09:55 +0000] "POST /graphql HTTP/1.1" 404 147
::1 - - [29/Mar/2021:14:10:01 +0000] "POST /graphql HTTP/1.1" 404 147
::1 - - [29/Mar/2021:14:10:07 +0000] "POST /graphql HTTP/1.1" 404 147
::1 - - [29/Mar/2021:14:10:14 +0000] "POST /graphql HTTP/1.1" 404 147
::1 - - [29/Mar/2021:14:10:21 +0000] "POST /graphql HTTP/1.1" 404 147
::1 - - [29/Mar/2021:14:10:28 +0000] "POST /graphql HTTP/1.1" 404 147
::1 - - [29/Mar/2021:14:10:35 +0000] "POST /graphql HTTP/1.1" 404 147
::1 - - [29/Mar/2021:14:10:42 +0000] "POST /graphql HTTP/1.1" 404 147
::1 - - [29/Mar/2021:14:10:48 +0000] "POST /graphql HTTP/1.1" 404 147
::1 - - [29/Mar/2021:14:10:55 +0000] "POST /graphql HTTP/1.1" 404 147
::1 - - [29/Mar/2021:14:11:02 +0000] "POST /graphql HTTP/1.1" 404 147
::1 - - [29/Mar/2021:14:11:08 +0000] "POST /graphql HTTP/1.1" 404 147
::1 - - [29/Mar/2021:14:11:14 +0000] "POST /graphql HTTP/1.1" 404 147
::1 - - [29/Mar/2021:14:11:20 +0000] "POST /graphql HTTP/1.1" 404 147
::1 - - [29/Mar/2021:14:11:26 +0000] "POST /graphql HTTP/1.1" 404 147
::1 - - [29/Mar/2021:14:11:33 +0000] "POST /graphql HTTP/1.1" 404 147
::1 - - [29/Mar/2021:14:11:39 +0000] "POST /graphql HTTP/1.1" 404 147
::1 - - [29/Mar/2021:14:11:45 +0000] "POST /graphql HTTP/1.1" 404 147
::1 - - [29/Mar/2021:14:11:52 +0000] "POST /graphql HTTP/1.1" 404 147
::1 - - [29/Mar/2021:14:11:58 +0000] "POST /graphql HTTP/1.1" 404 147
::1 - - [29/Mar/2021:14:12:05 +0000] "POST /graphql HTTP/1.1" 404 147
::1 - - [29/Mar/2021:14:12:12 +0000] "POST /graphql HTTP/1.1" 404 147
::1 - - [29/Mar/2021:14:12:18 +0000] "POST /graphql HTTP/1.1" 404 147
::1 - - [29/Mar/2021:14:12:24 +0000] "POST /graphql HTTP/1.1" 404 147
::1 - - [29/Mar/2021:14:12:30 +0000] "POST /graphql HTTP/1.1" 404 147
::1 - - [29/Mar/2021:14:12:36 +0000] "POST /graphql HTTP/1.1" 404 147
::1 - - [29/Mar/2021:14:12:42 +0000] "POST /graphql HTTP/1.1" 404 147
::1 - - [29/Mar/2021:14:12:48 +0000] "POST /graphql HTTP/1.1" 404 147
::1 - - [29/Mar/2021:14:12:54 +0000] "POST /graphql HTTP/1.1" 404 147
::1 - - [29/Mar/2021:14:13:00 +0000] "POST /graphql HTTP/1.1" 404 147
::1 - - [29/Mar/2021:14:13:07 +0000] "POST /graphql HTTP/1.1" 404 147
::1 - - [29/Mar/2021:14:13:14 +0000] "POST /graphql HTTP/1.1" 404 147
::1 - - [29/Mar/2021:14:13:21 +0000] "POST /graphql HTTP/1.1" 404 147
::1 - - [29/Mar/2021:14:13:27 +0000] "POST /graphql HTTP/1.1" 404 147
::1 - - [29/Mar/2021:14:13:33 +0000] "POST /graphql HTTP/1.1" 404 147
::1 - - [29/Mar/2021:14:13:39 +0000] "POST /graphql HTTP/1.1" 404 147
::1 - - [29/Mar/2021:14:13:46 +0000] "POST /graphql HTTP/1.1" 404 147
::1 - - [29/Mar/2021:14:13:53 +0000] "POST /graphql HTTP/1.1" 404 147
::1 - - [29/Mar/2021:14:14:00 +0000] "POST /graphql HTTP/1.1" 404 147
::1 - - [29/Mar/2021:14:14:07 +0000] "POST /graphql HTTP/1.1" 404 147
::1 - - [29/Mar/2021:14:14:13 +0000] "POST /graphql HTTP/1.1" 404 147
::1 - - [29/Mar/2021:14:14:20 +0000] "POST /graphql HTTP/1.1" 404 147
::1 - - [29/Mar/2021:14:14:26 +0000] "POST /graphql HTTP/1.1" 404 147
::1 - - [29/Mar/2021:14:14:33 +0000] "POST /graphql HTTP/1.1" 404 147
::1 - - [29/Mar/2021:14:14:39 +0000] "POST /graphql HTTP/1.1" 404 147
::1 - - [29/Mar/2021:14:14:46 +0000] "POST /graphql HTTP/1.1" 404 147
::1 - - [29/Mar/2021:14:14:53 +0000] "POST /graphql HTTP/1.1" 404 147
::1 - - [29/Mar/2021:14:15:00 +0000] "POST /graphql HTTP/1.1" 404 147
::1 - - [29/Mar/2021:14:15:07 +0000] "POST /graphql HTTP/1.1" 404 147
::1 - - [29/Mar/2021:14:15:14 +0000] "POST /graphql HTTP/1.1" 404 147
::1 - - [29/Mar/2021:14:15:21 +0000] "POST /graphql HTTP/1.1" 404 147
::1 - - [29/Mar/2021:14:15:28 +0000] "POST /graphql HTTP/1.1" 404 147
::1 - - [29/Mar/2021:14:15:35 +0000] "POST /graphql HTTP/1.1" 404 147
::1 - - [29/Mar/2021:14:15:41 +0000] "POST /graphql HTTP/1.1" 404 147
::1 - - [29/Mar/2021:14:15:47 +0000] "POST /graphql HTTP/1.1" 404 147
::1 - - [29/Mar/2021:14:15:53 +0000] "POST /graphql HTTP/1.1" 404 147
::1 - - [29/Mar/2021:14:16:19 +0000] "POST /graphql HTTP/1.1" 404 147
::1 - - [29/Mar/2021:14:16:26 +0000] "POST /graphql HTTP/1.1" 200 22771
::1 - - [29/Mar/2021:14:16:31 +0000] "POST /graphql HTTP/1.1" 200 22771
::1 - - [29/Mar/2021:14:16:34 +0000] "POST /graphql HTTP/1.1" 200 22771
::1 - - [29/Mar/2021:14:16:37 +0000] "POST /graphql HTTP/1.1" 200 22771
::1 - - [29/Mar/2021:14:16:40 +0000] "POST /graphql HTTP/1.1" 200 22771
::1 - - [29/Mar/2021:14:16:43 +0000] "POST /graphql HTTP/1.1" 200 22771
::1 - - [29/Mar/2021:14:16:46 +0000] "POST /graphql HTTP/1.1" 200 22771
::1 - - [29/Mar/2021:14:16:49 +0000] "POST /graphql HTTP/1.1" 200 22771
::1 - - [29/Mar/2021:14:16:52 +0000] "POST /graphql HTTP/1.1" 200 22771
::1 - - [29/Mar/2021:14:16:55 +0000] "POST /graphql HTTP/1.1" 200 22771
::1 - - [29/Mar/2021:14:16:58 +0000] "POST /graphql HTTP/1.1" 200 22771
::1 - - [29/Mar/2021:14:17:01 +0000] "POST /graphql HTTP/1.1" 200 22771
::1 - - [29/Mar/2021:14:17:04 +0000] "POST /graphql HTTP/1.1" 200 22771
::1 - - [29/Mar/2021:14:17:07 +0000] "POST /graphql HTTP/1.1" 200 22771
::1 - - [29/Mar/2021:14:17:10 +0000] "POST /graphql HTTP/1.1" 200 22771
::1 - - [29/Mar/2021:14:17:13 +0000] "POST /graphql HTTP/1.1" 200 22771
::1 - - [29/Mar/2021:14:17:16 +0000] "POST /graphql HTTP/1.1" 200 22771
::1 - - [29/Mar/2021:14:17:19 +0000] "POST /graphql HTTP/1.1" 200 22771
::1 - - [29/Mar/2021:14:17:22 +0000] "POST /graphql HTTP/1.1" 200 22771
::1 - - [29/Mar/2021:14:17:25 +0000] "POST /graphql HTTP/1.1" 200 22771
::1 - - [29/Mar/2021:14:17:28 +0000] "POST /graphql HTTP/1.1" 200 22771
::1 - - [29/Mar/2021:14:17:31 +0000] "POST /graphql HTTP/1.1" 200 22771
::1 - - [29/Mar/2021:14:17:34 +0000] "POST /graphql HTTP/1.1" 200 22771
::1 - - [29/Mar/2021:14:17:37 +0000] "POST /graphql HTTP/1.1" 200 22771
::1 - - [29/Mar/2021:14:17:40 +0000] "POST /graphql HTTP/1.1" 200 22771
::1 - - [29/Mar/2021:14:17:43 +0000] "POST /graphql HTTP/1.1" 200 22771
::1 - - [29/Mar/2021:14:17:46 +0000] "POST /graphql HTTP/1.1" 200 22771
::1 - - [29/Mar/2021:14:17:49 +0000] "POST /graphql HTTP/1.1" 200 22771
::1 - - [29/Mar/2021:14:17:52 +0000] "POST /graphql HTTP/1.1" 200 22771
::1 - - [29/Mar/2021:14:17:55 +0000] "POST /graphql HTTP/1.1" 200 22771
::1 - - [29/Mar/2021:14:17:58 +0000] "POST /graphql HTTP/1.1" 200 22771
::1 - - [29/Mar/2021:14:18:01 +0000] "POST /graphql HTTP/1.1" 200 22771
::1 - - [29/Mar/2021:14:18:04 +0000] "POST /graphql HTTP/1.1" 200 22771
::1 - - [29/Mar/2021:14:18:07 +0000] "POST /graphql HTTP/1.1" 200 22771
::1 - - [29/Mar/2021:14:18:10 +0000] "POST /graphql HTTP/1.1" 200 22771
::1 - - [29/Mar/2021:14:18:13 +0000] "POST /graphql HTTP/1.1" 200 22771
::1 - - [29/Mar/2021:14:18:16 +0000] "POST /graphql HTTP/1.1" 200 22771
::1 - - [29/Mar/2021:14:18:19 +0000] "POST /graphql HTTP/1.1" 200 22771
::1 - - [29/Mar/2021:14:18:22 +0000] "POST /graphql HTTP/1.1" 200 22771
::1 - - [29/Mar/2021:14:18:25 +0000] "POST /graphql HTTP/1.1" 200 22771
::1 - - [29/Mar/2021:14:18:28 +0000] "POST /graphql HTTP/1.1" 200 22771
::1 - - [29/Mar/2021:14:18:31 +0000] "POST /graphql HTTP/1.1" 200 22771
::1 - - [29/Mar/2021:14:18:34 +0000] "POST /graphql HTTP/1.1" 200 22771
::1 - - [29/Mar/2021:14:18:37 +0000] "POST /graphql HTTP/1.1" 200 22771
::1 - - [29/Mar/2021:14:18:40 +0000] "POST /graphql HTTP/1.1" 200 22771
::1 - - [29/Mar/2021:14:18:43 +0000] "POST /graphql HTTP/1.1" 200 22771
::1 - - [29/Mar/2021:14:18:46 +0000] "POST /graphql HTTP/1.1" 200 22771
::1 - - [29/Mar/2021:14:18:49 +0000] "POST /graphql HTTP/1.1" 200 22771
::1 - - [29/Mar/2021:14:18:52 +0000] "POST /graphql HTTP/1.1" 200 22771
::1 - - [29/Mar/2021:14:18:55 +0000] "POST /graphql HTTP/1.1" 200 22771
::1 - - [29/Mar/2021:14:18:58 +0000] "POST /graphql HTTP/1.1" 200 22771
::1 - - [29/Mar/2021:14:19:01 +0000] "POST /graphql HTTP/1.1" 200 22771
::1 - - [29/Mar/2021:14:19:04 +0000] "POST /graphql HTTP/1.1" 200 22771
::1 - - [29/Mar/2021:14:19:07 +0000] "POST /graphql HTTP/1.1" 200 22771
::1 - - [29/Mar/2021:14:19:10 +0000] "POST /graphql HTTP/1.1" 200 22771
::1 - - [29/Mar/2021:14:19:13 +0000] "POST /graphql HTTP/1.1" 200 22771
::1 - - [29/Mar/2021:14:19:16 +0000] "POST /graphql HTTP/1.1" 200 22771
::1 - - [29/Mar/2021:14:19:19 +0000] "POST /graphql HTTP/1.1" 200 22771
::1 - - [29/Mar/2021:14:21:47 +0000] "POST /graphql HTTP/1.1" 200 22771
::1 - - [29/Mar/2021:14:21:50 +0000] "POST /graphql HTTP/1.1" 200 22771
::1 - - [29/Mar/2021:14:21:53 +0000] "POST /graphql HTTP/1.1" 200 22771
::1 - - [29/Mar/2021:14:21:56 +0000] "POST /graphql HTTP/1.1" 200 22771
::1 - - [29/Mar/2021:14:21:59 +0000] "POST /graphql HTTP/1.1" 200 22771
::1 - - [29/Mar/2021:14:22:02 +0000] "POST /graphql HTTP/1.1" 200 22771
::1 - - [29/Mar/2021:14:22:05 +0000] "POST /graphql HTTP/1.1" 200 22771
::1 - - [29/Mar/2021:14:22:08 +0000] "POST /graphql HTTP/1.1" 200 22771
::1 - - [29/Mar/2021:14:22:10 +0000] "POST /graphql HTTP/1.1" 200 22771
::1 - - [29/Mar/2021:14:22:14 +0000] "POST /graphql HTTP/1.1" 200 22771
::1 - - [29/Mar/2021:14:22:17 +0000] "POST /graphql HTTP/1.1" 200 22771
::1 - - [29/Mar/2021:14:22:20 +0000] "POST /graphql HTTP/1.1" 200 22771
::1 - - [29/Mar/2021:14:22:23 +0000] "POST /graphql HTTP/1.1" 200 22771
::1 - - [29/Mar/2021:14:22:50 +0000] "POST /graphql HTTP/1.1" 200 22771
::1 - - [29/Mar/2021:14:22:53 +0000] "POST /graphql HTTP/1.1" 200 22771
::1 - - [29/Mar/2021:14:22:56 +0000] "POST /graphql HTTP/1.1" 200 22771
::1 - - [29/Mar/2021:14:22:59 +0000] "POST /graphql HTTP/1.1" 200 22771
::1 - - [29/Mar/2021:14:23:02 +0000] "POST /graphql HTTP/1.1" 200 22771
::1 - - [29/Mar/2021:14:23:05 +0000] "POST /graphql HTTP/1.1" 200 22771
::1 - - [29/Mar/2021:14:23:08 +0000] "POST /graphql HTTP/1.1" 200 22771
::1 - - [29/Mar/2021:14:23:11 +0000] "POST /graphql HTTP/1.1" 200 22771
::1 - - [29/Mar/2021:14:23:14 +0000] "POST /graphql HTTP/1.1" 200 22771
::1 - - [29/Mar/2021:14:23:17 +0000] "POST /graphql HTTP/1.1" 200 22771
::1 - - [29/Mar/2021:14:23:20 +0000] "POST /graphql HTTP/1.1" 200 22771
::1 - - [29/Mar/2021:14:23:23 +0000] "POST /graphql HTTP/1.1" 200 22771
::1 - - [29/Mar/2021:14:23:26 +0000] "POST /graphql HTTP/1.1" 200 22771
::1 - - [29/Mar/2021:14:23:29 +0000] "POST /graphql HTTP/1.1" 200 22771
::1 - - [29/Mar/2021:14:23:32 +0000] "POST /graphql HTTP/1.1" 200 22771
::1 - - [29/Mar/2021:14:23:35 +0000] "POST /graphql HTTP/1.1" 200 22771
::1 - - [29/Mar/2021:14:23:38 +0000] "POST /graphql HTTP/1.1" 200 22771
::1 - - [29/Mar/2021:14:23:41 +0000] "POST /graphql HTTP/1.1" 200 22771
::1 - - [29/Mar/2021:14:24:02 +0000] "POST /graphql HTTP/1.1" 200 22771
::1 - - [29/Mar/2021:14:24:05 +0000] "POST /graphql HTTP/1.1" 200 22771
::1 - - [29/Mar/2021:14:24:08 +0000] "POST /graphql HTTP/1.1" 200 22771
::1 - - [29/Mar/2021:14:24:11 +0000] "POST /graphql HTTP/1.1" 200 22771
::1 - - [29/Mar/2021:14:24:14 +0000] "POST /graphql HTTP/1.1" 200 22771
::1 - - [29/Mar/2021:14:24:17 +0000] "POST /graphql HTTP/1.1" 200 22771
::1 - - [29/Mar/2021:14:24:20 +0000] "POST /graphql HTTP/1.1" 200 22771
::1 - - [29/Mar/2021:14:24:23 +0000] "POST /graphql HTTP/1.1" 200 22771
::1 - - [29/Mar/2021:14:24:26 +0000] "POST /graphql HTTP/1.1" 200 22771
::1 - - [29/Mar/2021:14:24:29 +0000] "POST /graphql HTTP/1.1" 200 22771
::1 - - [29/Mar/2021:14:24:32 +0000] "POST /graphql HTTP/1.1" 200 22771
::1 - - [29/Mar/2021:14:24:35 +0000] "POST /graphql HTTP/1.1" 200 22771
::1 - - [29/Mar/2021:14:24:38 +0000] "POST /graphql HTTP/1.1" 200 22771
::1 - - [29/Mar/2021:14:24:41 +0000] "POST /graphql HTTP/1.1" 200 22771
::1 - - [29/Mar/2021:14:24:44 +0000] "POST /graphql HTTP/1.1" 200 22771
::1 - - [29/Mar/2021:14:24:47 +0000] "POST /graphql HTTP/1.1" 200 22771
::1 - - [29/Mar/2021:14:24:50 +0000] "POST /graphql HTTP/1.1" 200 22771
::1 - - [29/Mar/2021:14:24:53 +0000] "POST /graphql HTTP/1.1" 200 22771
::1 - - [29/Mar/2021:14:24:56 +0000] "POST /graphql HTTP/1.1" 200 22771
::1 - - [29/Mar/2021:14:24:59 +0000] "POST /graphql HTTP/1.1" 200 22771
::1 - - [29/Mar/2021:14:25:02 +0000] "POST /graphql HTTP/1.1" 200 22771
::1 - - [29/Mar/2021:14:25:05 +0000] "POST /graphql HTTP/1.1" 200 22771
::1 - - [29/Mar/2021:14:25:08 +0000] "POST /graphql HTTP/1.1" 200 22771
::1 - - [29/Mar/2021:14:25:11 +0000] "POST /graphql HTTP/1.1" 200 22771
::1 - - [29/Mar/2021:14:25:14 +0000] "POST /graphql HTTP/1.1" 200 22771
::1 - - [29/Mar/2021:14:25:17 +0000] "POST /graphql HTTP/1.1" 200 22771
::1 - - [29/Mar/2021:14:25:20 +0000] "POST /graphql HTTP/1.1" 200 22771
::1 - - [29/Mar/2021:14:25:23 +0000] "POST /graphql HTTP/1.1" 200 22771
::1 - - [29/Mar/2021:14:25:26 +0000] "POST /graphql HTTP/1.1" 200 22771
::1 - - [29/Mar/2021:14:25:29 +0000] "POST /graphql HTTP/1.1" 200 22771
::1 - - [29/Mar/2021:14:25:32 +0000] "POST /graphql HTTP/1.1" 200 22771
::1 - - [29/Mar/2021:14:25:35 +0000] "POST /graphql HTTP/1.1" 200 22771
::1 - - [29/Mar/2021:14:25:38 +0000] "POST /graphql HTTP/1.1" 200 22771
::1 - - [29/Mar/2021:14:25:41 +0000] "POST /graphql HTTP/1.1" 200 22771
::1 - - [29/Mar/2021:14:25:44 +0000] "POST /graphql HTTP/1.1" 200 22771
::1 - - [29/Mar/2021:14:25:47 +0000] "POST /graphql HTTP/1.1" 200 22771
::1 - - [29/Mar/2021:14:25:50 +0000] "POST /graphql HTTP/1.1" 200 22771
::1 - - [29/Mar/2021:14:25:53 +0000] "POST /graphql HTTP/1.1" 200 22771
::1 - - [29/Mar/2021:14:25:56 +0000] "POST /graphql HTTP/1.1" 200 22771
::1 - - [29/Mar/2021:14:25:59 +0000] "POST /graphql HTTP/1.1" 200 22771
::1 - - [29/Mar/2021:14:26:02 +0000] "POST /graphql HTTP/1.1" 200 22771
::1 - - [29/Mar/2021:14:26:05 +0000] "POST /graphql HTTP/1.1" 200 22771
::1 - - [29/Mar/2021:14:26:08 +0000] "POST /graphql HTTP/1.1" 200 22771
::1 - - [29/Mar/2021:14:26:11 +0000] "POST /graphql HTTP/1.1" 200 22771
::1 - - [29/Mar/2021:14:26:14 +0000] "POST /graphql HTTP/1.1" 200 22771
::1 - - [29/Mar/2021:14:26:17 +0000] "POST /graphql HTTP/1.1" 200 22771
::1 - - [29/Mar/2021:14:26:20 +0000] "POST /graphql HTTP/1.1" 200 22771
::1 - - [29/Mar/2021:14:26:23 +0000] "POST /graphql HTTP/1.1" 200 22771
::1 - - [29/Mar/2021:14:26:26 +0000] "POST /graphql HTTP/1.1" 200 22771
::1 - - [29/Mar/2021:14:26:29 +0000] "POST /graphql HTTP/1.1" 200 22771
::1 - - [29/Mar/2021:14:26:32 +0000] "POST /graphql HTTP/1.1" 200 22771
::1 - - [29/Mar/2021:14:26:35 +0000] "POST /graphql HTTP/1.1" 200 22771
::1 - - [29/Mar/2021:14:26:38 +0000] "POST /graphql HTTP/1.1" 200 22771
::1 - - [29/Mar/2021:14:26:41 +0000] "POST /graphql HTTP/1.1" 200 22771
::1 - - [29/Mar/2021:14:26:44 +0000] "POST /graphql HTTP/1.1" 200 22771
::1 - - [29/Mar/2021:14:26:47 +0000] "POST /graphql HTTP/1.1" 200 22771
::1 - - [29/Mar/2021:14:26:50 +0000] "POST /graphql HTTP/1.1" 200 22771
::1 - - [29/Mar/2021:14:26:53 +0000] "POST /graphql HTTP/1.1" 200 22771
::1 - - [29/Mar/2021:14:26:56 +0000] "POST /graphql HTTP/1.1" 200 22771
::1 - - [29/Mar/2021:14:26:59 +0000] "POST /graphql HTTP/1.1" 200 22771
::1 - - [29/Mar/2021:14:27:02 +0000] "POST /graphql HTTP/1.1" 200 22771
::1 - - [29/Mar/2021:14:27:05 +0000] "POST /graphql HTTP/1.1" 200 22771
::1 - - [29/Mar/2021:14:27:08 +0000] "POST /graphql HTTP/1.1" 200 22771
::1 - - [29/Mar/2021:14:27:11 +0000] "POST /graphql HTTP/1.1" 200 22771
::1 - - [29/Mar/2021:14:27:14 +0000] "POST /graphql HTTP/1.1" 200 22771
::1 - - [29/Mar/2021:14:27:17 +0000] "POST /graphql HTTP/1.1" 200 22771
::1 - - [29/Mar/2021:14:27:20 +0000] "POST /graphql HTTP/1.1" 200 22771
::1 - - [29/Mar/2021:14:27:23 +0000] "POST /graphql HTTP/1.1" 200 22771
::1 - - [29/Mar/2021:14:27:26 +0000] "POST /graphql HTTP/1.1" 200 22771
::1 - - [29/Mar/2021:14:27:29 +0000] "POST /graphql HTTP/1.1" 200 22771
::1 - - [29/Mar/2021:14:27:32 +0000] "POST /graphql HTTP/1.1" 200 22771
::1 - - [29/Mar/2021:14:27:35 +0000] "POST /graphql HTTP/1.1" 200 22771
::1 - - [29/Mar/2021:14:27:38 +0000] "POST /graphql HTTP/1.1" 200 22771
::1 - - [29/Mar/2021:14:27:41 +0000] "POST /graphql HTTP/1.1" 200 22771
::1 - - [29/Mar/2021:14:27:44 +0000] "POST /graphql HTTP/1.1" 200 22771
::1 - - [29/Mar/2021:14:27:47 +0000] "POST /graphql HTTP/1.1" 200 22771
::1 - - [29/Mar/2021:14:27:50 +0000] "POST /graphql HTTP/1.1" 200 22771
::1 - - [29/Mar/2021:14:27:53 +0000] "POST /graphql HTTP/1.1" 200 22771
::1 - - [29/Mar/2021:14:27:56 +0000] "POST /graphql HTTP/1.1" 200 22771
::1 - - [29/Mar/2021:14:27:59 +0000] "POST /graphql HTTP/1.1" 200 22771
::1 - - [29/Mar/2021:14:28:02 +0000] "POST /graphql HTTP/1.1" 200 22771
::1 - - [29/Mar/2021:14:28:05 +0000] "POST /graphql HTTP/1.1" 200 22771
::1 - - [29/Mar/2021:14:28:08 +0000] "POST /graphql HTTP/1.1" 200 22771
::1 - - [29/Mar/2021:14:28:11 +0000] "POST /graphql HTTP/1.1" 200 22771
::1 - - [29/Mar/2021:14:28:14 +0000] "POST /graphql HTTP/1.1" 200 22771
::1 - - [29/Mar/2021:14:28:17 +0000] "POST /graphql HTTP/1.1" 200 22771
::1 - - [29/Mar/2021:14:28:20 +0000] "POST /graphql HTTP/1.1" 200 22771
::1 - - [29/Mar/2021:14:28:23 +0000] "POST /graphql HTTP/1.1" 200 22771
::1 - - [29/Mar/2021:14:28:26 +0000] "POST /graphql HTTP/1.1" 200 22771
::1 - - [29/Mar/2021:14:28:29 +0000] "POST /graphql HTTP/1.1" 200 22771
::1 - - [29/Mar/2021:14:28:32 +0000] "POST /graphql HTTP/1.1" 200 22771
::1 - - [29/Mar/2021:14:28:35 +0000] "POST /graphql HTTP/1.1" 200 22771
::1 - - [29/Mar/2021:14:28:38 +0000] "POST /graphql HTTP/1.1" 200 22771
::1 - - [29/Mar/2021:14:28:41 +0000] "POST /graphql HTTP/1.1" 200 22771
::1 - - [29/Mar/2021:14:28:44 +0000] "POST /graphql HTTP/1.1" 200 22771
::1 - - [29/Mar/2021:14:28:47 +0000] "POST /graphql HTTP/1.1" 200 22771
::1 - - [29/Mar/2021:14:28:50 +0000] "POST /graphql HTTP/1.1" 200 22771
::1 - - [29/Mar/2021:14:28:53 +0000] "POST /graphql HTTP/1.1" 200 22771
::1 - - [29/Mar/2021:14:28:56 +0000] "POST /graphql HTTP/1.1" 200 22771
::1 - - [29/Mar/2021:14:28:59 +0000] "POST /graphql HTTP/1.1" 200 22771
::1 - - [29/Mar/2021:14:29:02 +0000] "POST /graphql HTTP/1.1" 200 22771
::1 - - [29/Mar/2021:14:29:05 +0000] "POST /graphql HTTP/1.1" 200 22771
::1 - - [29/Mar/2021:14:29:08 +0000] "POST /graphql HTTP/1.1" 200 22771
::1 - - [29/Mar/2021:14:29:11 +0000] "POST /graphql HTTP/1.1" 200 22771
::1 - - [29/Mar/2021:14:29:14 +0000] "POST /graphql HTTP/1.1" 200 22771
::1 - - [29/Mar/2021:14:29:17 +0000] "POST /graphql HTTP/1.1" 200 22771
::1 - - [29/Mar/2021:14:29:20 +0000] "POST /graphql HTTP/1.1" 200 22771
::1 - - [29/Mar/2021:14:29:23 +0000] "POST /graphql HTTP/1.1" 200 22771
::1 - - [29/Mar/2021:14:29:26 +0000] "POST /graphql HTTP/1.1" 200 22771
::1 - - [29/Mar/2021:14:29:29 +0000] "POST /graphql HTTP/1.1" 200 22771
::1 - - [29/Mar/2021:14:29:32 +0000] "POST /graphql HTTP/1.1" 200 22771
::1 - - [29/Mar/2021:14:29:35 +0000] "POST /graphql HTTP/1.1" 200 22771
::1 - - [29/Mar/2021:14:29:38 +0000] "POST /graphql HTTP/1.1" 200 22771
::1 - - [29/Mar/2021:14:29:41 +0000] "POST /graphql HTTP/1.1" 200 22771
::1 - - [29/Mar/2021:14:29:43 +0000] "POST /graphql HTTP/1.1" 200 22771
::1 - - [29/Mar/2021:14:29:47 +0000] "POST /graphql HTTP/1.1" 200 22771
::1 - - [29/Mar/2021:14:30:09 +0000] "POST /graphql HTTP/1.1" 404 147
::1 - - [29/Mar/2021:14:30:16 +0000] "POST /graphql HTTP/1.1" 200 22771
::1 - - [29/Mar/2021:14:30:19 +0000] "POST /graphql HTTP/1.1" 200 22771
::1 - - [29/Mar/2021:14:30:22 +0000] "POST /graphql HTTP/1.1" 200 22771
::1 - - [29/Mar/2021:14:30:50 +0000] "POST /graphql HTTP/1.1" 404 147
::1 - - [29/Mar/2021:14:31:14 +0000] "POST /graphql HTTP/1.1" 200 22771
::1 - - [29/Mar/2021:14:31:17 +0000] "POST /graphql HTTP/1.1" 200 22771
::1 - - [29/Mar/2021:14:31:20 +0000] "POST /graphql HTTP/1.1" 200 22771
::1 - - [29/Mar/2021:14:31:22 +0000] "POST /graphql HTTP/1.1" 200 778
::1 - - [29/Mar/2021:14:31:23 +0000] "POST /graphql HTTP/1.1" 200 22771
::1 - - [29/Mar/2021:14:31:23 +0000] "GET /graphql/ HTTP/1.1" 200 -
::1 - - [29/Mar/2021:14:31:25 +0000] "POST /graphql HTTP/1.1" 200 22771
::1 - - [29/Mar/2021:14:31:26 +0000] "POST /graphql HTTP/1.1" 200 778
::1 - - [29/Mar/2021:15:02:06 +0000] "GET /graphql/ HTTP/1.1" 404 147
::1 - - [29/Mar/2021:15:02:46 +0000] "GET /graphql/ HTTP/1.1" 200 -
::1 - - [29/Mar/2021:15:02:47 +0000] "POST /graphql HTTP/1.1" 200 22793
::1 - - [29/Mar/2021:15:06:36 +0000] "POST /graphql HTTP/1.1" 404 147
::1 - - [29/Mar/2021:15:06:37 +0000] "POST /graphql HTTP/1.1" 404 147
::1 - - [29/Mar/2021:15:06:43 +0000] "POST /graphql HTTP/1.1" 404 147
::1 - - [29/Mar/2021:15:06:48 +0000] "POST /graphql HTTP/1.1" 404 147
::1 - - [29/Mar/2021:15:06:53 +0000] "POST /graphql HTTP/1.1" 404 147
::1 - - [29/Mar/2021:15:06:58 +0000] "POST /graphql HTTP/1.1" 404 147
::1 - - [29/Mar/2021:15:07:04 +0000] "POST /graphql HTTP/1.1" 404 147
::1 - - [29/Mar/2021:15:07:10 +0000] "POST /graphql HTTP/1.1" 404 147
::1 - - [29/Mar/2021:15:07:17 +0000] "POST /graphql HTTP/1.1" 404 147
::1 - - [29/Mar/2021:15:07:24 +0000] "POST /graphql HTTP/1.1" 404 147
::1 - - [29/Mar/2021:15:07:31 +0000] "POST /graphql HTTP/1.1" 404 147
::1 - - [29/Mar/2021:15:07:37 +0000] "POST /graphql HTTP/1.1" 404 147
::1 - - [29/Mar/2021:15:08:03 +0000] "POST /graphql HTTP/1.1" 200 22793
::1 - - [29/Mar/2021:15:08:10 +0000] "POST /graphql HTTP/1.1" 200 22793
::1 - - [29/Mar/2021:15:08:10 +0000] "POST /graphql HTTP/1.1" 200 22793
::1 - - [29/Mar/2021:15:08:13 +0000] "POST /graphql HTTP/1.1" 200 22793
::1 - - [29/Mar/2021:15:08:16 +0000] "POST /graphql HTTP/1.1" 200 22793
::1 - - [29/Mar/2021:15:08:19 +0000] "POST /graphql HTTP/1.1" 200 22793
::1 - - [29/Mar/2021:15:08:22 +0000] "POST /graphql HTTP/1.1" 200 22793
::1 - - [29/Mar/2021:15:08:25 +0000] "POST /graphql HTTP/1.1" 200 22793
::1 - - [29/Mar/2021:15:08:28 +0000] "POST /graphql HTTP/1.1" 200 22793
::1 - - [29/Mar/2021:15:08:31 +0000] "POST /graphql HTTP/1.1" 200 22793
::1 - - [29/Mar/2021:15:08:34 +0000] "POST /graphql HTTP/1.1" 200 22793
::1 - - [29/Mar/2021:15:08:37 +0000] "POST /graphql HTTP/1.1" 200 22793
::1 - - [29/Mar/2021:15:08:40 +0000] "POST /graphql HTTP/1.1" 200 22793
::1 - - [29/Mar/2021:15:08:43 +0000] "POST /graphql HTTP/1.1" 200 22793
::1 - - [29/Mar/2021:15:08:46 +0000] "POST /graphql HTTP/1.1" 200 22793
::1 - - [29/Mar/2021:15:08:49 +0000] "POST /graphql HTTP/1.1" 200 22793
::1 - - [29/Mar/2021:15:08:52 +0000] "POST /graphql HTTP/1.1" 200 22793
::1 - - [29/Mar/2021:15:08:55 +0000] "POST /graphql HTTP/1.1" 200 22793
::1 - - [29/Mar/2021:15:08:58 +0000] "POST /graphql HTTP/1.1" 200 22793
::1 - - [29/Mar/2021:15:09:01 +0000] "POST /graphql HTTP/1.1" 200 22793
::1 - - [29/Mar/2021:15:09:04 +0000] "POST /graphql HTTP/1.1" 200 22793
::1 - - [29/Mar/2021:15:09:07 +0000] "POST /graphql HTTP/1.1" 200 22793
::1 - - [29/Mar/2021:15:09:10 +0000] "POST /graphql HTTP/1.1" 200 22793
::1 - - [29/Mar/2021:15:09:13 +0000] "POST /graphql HTTP/1.1" 200 22793
::1 - - [29/Mar/2021:15:09:16 +0000] "POST /graphql HTTP/1.1" 200 22793
::1 - - [29/Mar/2021:15:09:19 +0000] "POST /graphql HTTP/1.1" 200 22793
::1 - - [29/Mar/2021:15:09:22 +0000] "POST /graphql HTTP/1.1" 200 22793
::1 - - [29/Mar/2021:15:09:25 +0000] "POST /graphql HTTP/1.1" 200 22793
::1 - - [29/Mar/2021:15:09:28 +0000] "POST /graphql HTTP/1.1" 200 22793
::1 - - [29/Mar/2021:15:09:31 +0000] "POST /graphql HTTP/1.1" 200 22793
::1 - - [29/Mar/2021:15:09:34 +0000] "POST /graphql HTTP/1.1" 200 22793
::1 - - [29/Mar/2021:15:09:37 +0000] "POST /graphql HTTP/1.1" 200 22793
::1 - - [29/Mar/2021:15:09:40 +0000] "POST /graphql HTTP/1.1" 200 22793
::1 - - [29/Mar/2021:15:09:43 +0000] "POST /graphql HTTP/1.1" 200 22793
::1 - - [29/Mar/2021:15:09:46 +0000] "POST /graphql HTTP/1.1" 200 22793
::1 - - [29/Mar/2021:15:09:49 +0000] "POST /graphql HTTP/1.1" 200 22793
::1 - - [29/Mar/2021:15:09:52 +0000] "POST /graphql HTTP/1.1" 200 22793
::1 - - [29/Mar/2021:15:09:55 +0000] "POST /graphql HTTP/1.1" 200 22793
::1 - - [29/Mar/2021:15:09:58 +0000] "POST /graphql HTTP/1.1" 200 22793
::1 - - [29/Mar/2021:15:10:01 +0000] "POST /graphql HTTP/1.1" 200 22793
::1 - - [29/Mar/2021:15:10:04 +0000] "POST /graphql HTTP/1.1" 200 22793
::1 - - [29/Mar/2021:15:10:07 +0000] "POST /graphql HTTP/1.1" 200 22793
::1 - - [29/Mar/2021:15:10:10 +0000] "POST /graphql HTTP/1.1" 200 22793
::1 - - [29/Mar/2021:15:10:13 +0000] "POST /graphql HTTP/1.1" 200 22793
::1 - - [29/Mar/2021:15:10:16 +0000] "POST /graphql HTTP/1.1" 200 22793
::1 - - [29/Mar/2021:15:10:19 +0000] "POST /graphql HTTP/1.1" 200 22793
::1 - - [29/Mar/2021:15:10:22 +0000] "POST /graphql HTTP/1.1" 200 22793
::1 - - [29/Mar/2021:15:10:25 +0000] "POST /graphql HTTP/1.1" 200 22793
::1 - - [29/Mar/2021:15:10:28 +0000] "POST /graphql HTTP/1.1" 200 22793
::1 - - [29/Mar/2021:15:10:31 +0000] "POST /graphql HTTP/1.1" 200 22793
::1 - - [29/Mar/2021:15:10:34 +0000] "POST /graphql HTTP/1.1" 200 22793
::1 - - [29/Mar/2021:15:10:37 +0000] "POST /graphql HTTP/1.1" 200 22793
::1 - - [29/Mar/2021:15:10:40 +0000] "POST /graphql HTTP/1.1" 200 22793
::1 - - [29/Mar/2021:15:10:43 +0000] "POST /graphql HTTP/1.1" 200 22793
::1 - - [29/Mar/2021:15:10:46 +0000] "POST /graphql HTTP/1.1" 200 22793
::1 - - [29/Mar/2021:15:10:49 +0000] "POST /graphql HTTP/1.1" 200 22793
::1 - - [29/Mar/2021:15:10:52 +0000] "POST /graphql HTTP/1.1" 200 22793
::1 - - [29/Mar/2021:15:10:55 +0000] "POST /graphql HTTP/1.1" 200 22793
::1 - - [29/Mar/2021:15:10:58 +0000] "POST /graphql HTTP/1.1" 200 22793
::1 - - [29/Mar/2021:15:11:01 +0000] "POST /graphql HTTP/1.1" 200 22793
::1 - - [29/Mar/2021:15:11:04 +0000] "POST /graphql HTTP/1.1" 200 22793
::1 - - [29/Mar/2021:15:11:07 +0000] "POST /graphql HTTP/1.1" 200 22793
::1 - - [29/Mar/2021:15:11:10 +0000] "POST /graphql HTTP/1.1" 200 22793
::1 - - [29/Mar/2021:15:11:13 +0000] "POST /graphql HTTP/1.1" 200 22793
::1 - - [29/Mar/2021:15:11:16 +0000] "POST /graphql HTTP/1.1" 200 22793
::1 - - [29/Mar/2021:15:11:19 +0000] "POST /graphql HTTP/1.1" 200 22793
::1 - - [29/Mar/2021:15:11:22 +0000] "POST /graphql HTTP/1.1" 200 22793
::1 - - [29/Mar/2021:15:11:25 +0000] "POST /graphql HTTP/1.1" 200 22793
::1 - - [29/Mar/2021:15:11:28 +0000] "POST /graphql HTTP/1.1" 200 22793
::1 - - [29/Mar/2021:15:11:31 +0000] "POST /graphql HTTP/1.1" 200 22793
::1 - - [29/Mar/2021:15:11:34 +0000] "POST /graphql HTTP/1.1" 200 22793
::1 - - [29/Mar/2021:15:11:37 +0000] "POST /graphql HTTP/1.1" 200 22793
::1 - - [29/Mar/2021:15:11:40 +0000] "POST /graphql HTTP/1.1" 200 22793
::1 - - [29/Mar/2021:15:11:43 +0000] "POST /graphql HTTP/1.1" 200 22793
::1 - - [29/Mar/2021:15:11:46 +0000] "POST /graphql HTTP/1.1" 200 22793
::1 - - [29/Mar/2021:15:11:49 +0000] "POST /graphql HTTP/1.1" 200 22793
::1 - - [29/Mar/2021:15:11:52 +0000] "POST /graphql HTTP/1.1" 200 22793
::1 - - [29/Mar/2021:15:11:55 +0000] "POST /graphql HTTP/1.1" 200 22793
::1 - - [29/Mar/2021:15:11:58 +0000] "POST /graphql HTTP/1.1" 200 22793
::1 - - [29/Mar/2021:15:12:01 +0000] "POST /graphql HTTP/1.1" 200 22793
::1 - - [29/Mar/2021:15:12:04 +0000] "POST /graphql HTTP/1.1" 200 22793
::1 - - [29/Mar/2021:15:12:07 +0000] "POST /graphql HTTP/1.1" 200 22793
::1 - - [29/Mar/2021:15:12:10 +0000] "POST /graphql HTTP/1.1" 200 22793
::1 - - [29/Mar/2021:15:12:13 +0000] "POST /graphql HTTP/1.1" 200 22793
::1 - - [29/Mar/2021:15:21:23 +0000] "POST /graphql HTTP/1.1" 200 778
::1 - - [29/Mar/2021:15:21:24 +0000] "POST /graphql HTTP/1.1" 200 778
::1 - - [29/Mar/2021:15:21:24 +0000] "POST /graphql HTTP/1.1" 200 22872
::1 - - [29/Mar/2021:15:21:26 +0000] "POST /graphql HTTP/1.1" 200 22872
::1 - - [29/Mar/2021:15:22:57 +0000] "POST /graphql HTTP/1.1" 200 778
::1 - - [29/Mar/2021:15:22:57 +0000] "POST /graphql HTTP/1.1" 200 778
::1 - - [29/Mar/2021:15:22:58 +0000] "POST /graphql HTTP/1.1" 200 778
::1 - - [29/Mar/2021:15:22:58 +0000] "POST /graphql HTTP/1.1" 200 778
::1 - - [29/Mar/2021:15:22:58 +0000] "POST /graphql HTTP/1.1" 200 778
::1 - - [29/Mar/2021:15:22:58 +0000] "POST /graphql HTTP/1.1" 200 22872
::1 - - [29/Mar/2021:15:23:00 +0000] "POST /graphql HTTP/1.1" 200 22872
::1 - - [29/Mar/2021:15:26:51 +0000] "POST /graphql HTTP/1.1" 404 147
::1 - - [29/Mar/2021:15:26:52 +0000] "POST /graphql HTTP/1.1" 404 147
::1 - - [29/Mar/2021:15:26:52 +0000] "POST /graphql HTTP/1.1" 404 147
::1 - - [29/Mar/2021:15:26:58 +0000] "POST /graphql HTTP/1.1" 404 147
::1 - - [29/Mar/2021:15:27:04 +0000] "POST /graphql HTTP/1.1" 404 147
::1 - - [29/Mar/2021:15:27:10 +0000] "POST /graphql HTTP/1.1" 404 147
::1 - - [29/Mar/2021:15:27:16 +0000] "POST /graphql HTTP/1.1" 404 147
::1 - - [29/Mar/2021:15:27:22 +0000] "POST /graphql HTTP/1.1" 404 147
::1 - - [29/Mar/2021:15:28:03 +0000] "POST /graphql HTTP/1.1" 404 147
::1 - - [29/Mar/2021:15:28:07 +0000] "GET /graphql/ HTTP/1.1" 404 147
::1 - - [29/Mar/2021:15:28:08 +0000] "GET /graphql/ HTTP/1.1" 404 147
::1 - - [29/Mar/2021:15:28:44 +0000] "GET /graphql/ HTTP/1.1" 200 -
::1 - - [29/Mar/2021:15:28:45 +0000] "POST /graphql HTTP/1.1" 200 23066
::1 - - [29/Mar/2021:15:28:47 +0000] "POST /graphql HTTP/1.1" 200 23066
::1 - - [29/Mar/2021:15:28:47 +0000] "POST /graphql HTTP/1.1" 200 778
::1 - - [29/Mar/2021:15:30:02 +0000] "GET /graphql/ HTTP/1.1" 404 147
::1 - - [29/Mar/2021:15:30:02 +0000] "GET /graphql/ HTTP/1.1" 404 147
::1 - - [29/Mar/2021:15:30:43 +0000] "GET /graphql/ HTTP/1.1" 404 147
::1 - - [29/Mar/2021:15:30:44 +0000] "GET /graphql/ HTTP/1.1" 404 147
::1 - - [29/Mar/2021:15:31:19 +0000] "GET /graphql/ HTTP/1.1" 200 -
::1 - - [29/Mar/2021:15:31:20 +0000] "POST /graphql HTTP/1.1" 200 23066
::1 - - [29/Mar/2021:15:31:22 +0000] "POST /graphql HTTP/1.1" 200 23066
::1 - - [29/Mar/2021:15:31:22 +0000] "POST /graphql HTTP/1.1" 200 778
::1 - - [29/Mar/2021:15:31:24 +0000] "POST /graphql HTTP/1.1" 200 23066
::1 - - [29/Mar/2021:15:46:54 +0000] "GET /graphql/ HTTP/1.1" 404 147
::1 - - [29/Mar/2021:15:56:53 +0000] "GET /graphql/ HTTP/1.1" 404 147
::1 - - [29/Mar/2021:16:08:45 +0000] "GET /graphql/ HTTP/1.1" 200 -
::1 - - [29/Mar/2021:16:08:47 +0000] "POST /graphql HTTP/1.1" 200 23070
::1 - - [29/Mar/2021:16:08:48 +0000] "POST /graphql HTTP/1.1" 200 23070
::1 - - [29/Mar/2021:16:08:48 +0000] "POST /graphql HTTP/1.1" 200 778
::1 - - [29/Mar/2021:16:09:15 +0000] "POST /graphql HTTP/1.1" 200 23070
::1 - - [29/Mar/2021:16:10:00 +0000] "GET /graphql/ HTTP/1.1" 200 -
::1 - - [29/Mar/2021:16:10:02 +0000] "POST /graphql HTTP/1.1" 200 23070
::1 - - [29/Mar/2021:16:10:03 +0000] "POST /graphql HTTP/1.1" 200 778
::1 - - [29/Mar/2021:16:10:04 +0000] "POST /graphql HTTP/1.1" 200 23070
::1 - - [29/Mar/2021:16:10:06 +0000] "POST /graphql HTTP/1.1" 200 23070
::1 - - [29/Mar/2021:16:36:04 +0000] "GET /graphql/ HTTP/1.1" 200 -
::1 - - [29/Mar/2021:16:36:05 +0000] "POST /graphql HTTP/1.1" 200 23064
::1 - - [29/Mar/2021:16:37:35 +0000] "POST /graphql HTTP/1.1" 200 778
::1 - - [29/Mar/2021:16:37:36 +0000] "POST /graphql HTTP/1.1" 200 23064
::1 - - [29/Mar/2021:16:37:37 +0000] "POST /graphql HTTP/1.1" 200 778
::1 - - [29/Mar/2021:16:37:38 +0000] "POST /graphql HTTP/1.1" 200 23064
::1 - - [29/Mar/2021:16:53:32 +0000] "GET /graphql/ HTTP/1.1" 200 -
::1 - - [29/Mar/2021:16:53:34 +0000] "POST /graphql HTTP/1.1" 200 22987
::1 - - [29/Mar/2021:17:15:49 +0000] "POST /graphql HTTP/1.1" 200 778
::1 - - [29/Mar/2021:17:15:50 +0000] "POST /graphql HTTP/1.1" 200 23070
::1 - - [29/Mar/2021:17:15:53 +0000] "POST /graphql HTTP/1.1" 200 23070
::1 - - [29/Mar/2021:17:15:55 +0000] "POST /graphql HTTP/1.1" 200 23070
::1 - - [29/Mar/2021:17:15:57 +0000] "POST /graphql HTTP/1.1" 200 23070
::1 - - [29/Mar/2021:17:15:57 +0000] "POST /graphql HTTP/1.1" 200 40
::1 - - [29/Mar/2021:17:15:59 +0000] "POST /graphql HTTP/1.1" 200 23070
::1 - - [29/Mar/2021:17:44:52 +0000] "GET /graphql/ HTTP/1.1" 404 147
::1 - - [29/Mar/2021:17:47:59 +0000] "GET /graphql/ HTTP/1.1" 404 147
::1 - - [29/Mar/2021:17:48:00 +0000] "GET /graphql/ HTTP/1.1" 404 147
::1 - - [29/Mar/2021:17:48:00 +0000] "GET /graphql/ HTTP/1.1" 404 147
::1 - - [29/Mar/2021:17:48:54 +0000] "GET /graphql/ HTTP/1.1" 404 147
::1 - - [29/Mar/2021:17:48:54 +0000] "GET /graphql/ HTTP/1.1" 404 147
::1 - - [29/Mar/2021:17:48:55 +0000] "GET /graphql/ HTTP/1.1" 404 147
::1 - - [29/Mar/2021:17:48:55 +0000] "GET /graphql/ HTTP/1.1" 404 147
::1 - - [29/Mar/2021:17:49:49 +0000] "GET /graphql/ HTTP/1.1" 200 -
::1 - - [29/Mar/2021:17:49:51 +0000] "POST /graphql HTTP/1.1" 200 22987
::1 - - [29/Mar/2021:18:16:32 +0000] "GET /graphql/ HTTP/1.1" 200 -
::1 - - [29/Mar/2021:18:16:33 +0000] "POST /graphql HTTP/1.1" 200 22987
::1 - - [29/Mar/2021:18:16:35 +0000] "POST /graphql HTTP/1.1" 200 22987
::1 - - [29/Mar/2021:18:16:35 +0000] "POST /graphql HTTP/1.1" 200 40
::1 - - [29/Mar/2021:18:16:37 +0000] "POST /graphql HTTP/1.1" 200 22987
::1 - - [29/Mar/2021:18:16:39 +0000] "POST /graphql HTTP/1.1" 200 22987
::1 - - [29/Mar/2021:18:16:41 +0000] "POST /graphql HTTP/1.1" 200 22987
::1 - - [29/Mar/2021:18:16:43 +0000] "POST /graphql HTTP/1.1" 200 22987
::1 - - [29/Mar/2021:18:16:45 +0000] "POST /graphql HTTP/1.1" 200 22987
::1 - - [29/Mar/2021:18:16:46 +0000] "POST /graphql HTTP/1.1" 200 54
::1 - - [29/Mar/2021:18:16:46 +0000] "POST /graphql HTTP/1.1" 200 54
::1 - - [29/Mar/2021:18:16:47 +0000] "POST /graphql HTTP/1.1" 200 22987
::1 - - [29/Mar/2021:18:18:10 +0000] "POST /graphql HTTP/1.1" 200 22987
::1 - - [29/Mar/2021:18:18:11 +0000] "POST /graphql HTTP/1.1" 200 85
::1 - - [29/Mar/2021:18:18:14 +0000] "POST /graphql HTTP/1.1" 200 85
::1 - - [29/Mar/2021:18:18:14 +0000] "POST /graphql HTTP/1.1" 200 22987
::1 - - [29/Mar/2021:18:18:17 +0000] "POST /graphql HTTP/1.1" 200 85
::1 - - [29/Mar/2021:18:18:18 +0000] "POST /graphql HTTP/1.1" 200 85
::1 - - [29/Mar/2021:18:18:18 +0000] "POST /graphql HTTP/1.1" 200 85
::1 - - [29/Mar/2021:18:18:18 +0000] "POST /graphql HTTP/1.1" 200 85
::1 - - [29/Mar/2021:18:18:22 +0000] "POST /graphql HTTP/1.1" 200 22987
::1 - - [29/Mar/2021:18:20:04 +0000] "POST /graphql HTTP/1.1" 404 147
::1 - - [29/Mar/2021:18:20:09 +0000] "GET /graphql/ HTTP/1.1" 404 147
::1 - - [29/Mar/2021:18:20:11 +0000] "GET /graphql/ HTTP/1.1" 404 147
::1 - - [29/Mar/2021:18:54:06 +0000] "GET /graphql/ HTTP/1.1" 200 -
::1 - - [29/Mar/2021:18:54:08 +0000] "POST /graphql HTTP/1.1" 200 22987
::1 - - [29/Mar/2021:18:54:10 +0000] "POST /graphql HTTP/1.1" 200 22987
::1 - - [29/Mar/2021:18:54:13 +0000] "POST /graphql HTTP/1.1" 200 22987
::1 - - [29/Mar/2021:19:10:04 +0000] "GET /graphql/ HTTP/1.1" 200 -
::1 - - [29/Mar/2021:19:10:06 +0000] "POST /graphql HTTP/1.1" 200 24098
::1 - - [29/Mar/2021:19:10:07 +0000] "POST /graphql HTTP/1.1" 200 24098
::1 - - [29/Mar/2021:19:10:09 +0000] "POST /graphql HTTP/1.1" 200 24098
::1 - - [29/Mar/2021:19:10:11 +0000] "POST /graphql HTTP/1.1" 200 24098
::1 - - [29/Mar/2021:19:10:13 +0000] "POST /graphql HTTP/1.1" 200 24098
::1 - - [29/Mar/2021:19:10:15 +0000] "POST /graphql HTTP/1.1" 200 54
::1 - - [29/Mar/2021:19:10:15 +0000] "POST /graphql HTTP/1.1" 200 24098
::1 - - [29/Mar/2021:19:10:17 +0000] "POST /graphql HTTP/1.1" 200 24098
::1 - - [29/Mar/2021:19:10:29 +0000] "POST /graphql HTTP/1.1" 200 24098
::1 - - [29/Mar/2021:19:10:31 +0000] "POST /graphql HTTP/1.1" 200 24098
::1 - - [29/Mar/2021:19:11:56 +0000] "GET /graphql/ HTTP/1.1" 200 -
::1 - - [29/Mar/2021:19:11:57 +0000] "POST /graphql HTTP/1.1" 200 18196
::1 - - [29/Mar/2021:19:11:58 +0000] "POST /graphql HTTP/1.1" 200 18196
::1 - - [29/Mar/2021:19:12:00 +0000] "POST /graphql HTTP/1.1" 200 18196
::1 - - [29/Mar/2021:19:12:02 +0000] "POST /graphql HTTP/1.1" 200 18196
::1 - - [29/Mar/2021:19:12:03 +0000] "POST /graphql HTTP/1.1" 200 40
::1 - - [29/Mar/2021:19:12:25 +0000] "POST /graphql HTTP/1.1" 200 18196
::1 - - [29/Mar/2021:19:31:51 +0000] "GET /graphql/ HTTP/1.1" 200 -
::1 - - [29/Mar/2021:19:31:52 +0000] "POST /graphql HTTP/1.1" 200 17164
::1 - - [29/Mar/2021:19:31:53 +0000] "POST /graphql HTTP/1.1" 200 30
::1 - - [29/Mar/2021:19:31:54 +0000] "POST /graphql HTTP/1.1" 200 17164
::1 - - [29/Mar/2021:19:31:56 +0000] "POST /graphql HTTP/1.1" 200 17164
::1 - - [29/Mar/2021:19:32:51 +0000] "POST /graphql HTTP/1.1" 200 40
::1 - - [29/Mar/2021:19:32:52 +0000] "POST /graphql HTTP/1.1" 200 17164
::1 - - [29/Mar/2021:19:32:54 +0000] "POST /graphql HTTP/1.1" 200 17164
::1 - - [29/Mar/2021:19:32:56 +0000] "POST /graphql HTTP/1.1" 200 17164
::1 - - [29/Mar/2021:19:34:55 +0000] "POST /graphql HTTP/1.1" 200 40
::1 - - [29/Mar/2021:19:34:55 +0000] "POST /graphql HTTP/1.1" 200 40
::1 - - [29/Mar/2021:19:34:55 +0000] "POST /graphql HTTP/1.1" 200 17164
::1 - - [29/Mar/2021:19:34:55 +0000] "POST /graphql HTTP/1.1" 200 40
::1 - - [29/Mar/2021:19:34:56 +0000] "POST /graphql HTTP/1.1" 200 40
::1 - - [29/Mar/2021:19:34:56 +0000] "POST /graphql HTTP/1.1" 200 40
::1 - - [29/Mar/2021:19:45:13 +0000] "GET /graphql/ HTTP/1.1" 200 -
::1 - - [29/Mar/2021:19:45:15 +0000] "POST /graphql HTTP/1.1" 200 22591
::1 - - [29/Mar/2021:19:45:15 +0000] "POST /graphql HTTP/1.1" 200 40
::1 - - [29/Mar/2021:19:45:16 +0000] "POST /graphql HTTP/1.1" 200 22591
::1 - - [29/Mar/2021:19:47:09 +0000] "GET /graphql/ HTTP/1.1" 404 147
::1 - - [29/Mar/2021:19:47:22 +0000] "GET /graphql/ HTTP/1.1" 404 147
::1 - - [29/Mar/2021:19:47:22 +0000] "GET /graphql/ HTTP/1.1" 404 147
::1 - - [29/Mar/2021:19:48:07 +0000] "GET /graphql/ HTTP/1.1" 404 147
::1 - - [29/Mar/2021:19:48:08 +0000] "GET /graphql/ HTTP/1.1" 404 147
::1 - - [29/Mar/2021:19:48:08 +0000] "GET /graphql/ HTTP/1.1" 404 147
::1 - - [29/Mar/2021:19:48:08 +0000] "GET /graphql/ HTTP/1.1" 404 147
::1 - - [29/Mar/2021:19:48:35 +0000] "GET /graphql/ HTTP/1.1" 404 147
::1 - - [29/Mar/2021:19:49:18 +0000] "GET /graphql/ HTTP/1.1" 404 147
::1 - - [29/Mar/2021:19:49:18 +0000] "GET /graphql/ HTTP/1.1" 404 147
::1 - - [29/Mar/2021:19:49:18 +0000] "GET /graphql/ HTTP/1.1" 404 147
::1 - - [29/Mar/2021:19:49:18 +0000] "GET /graphql/ HTTP/1.1" 404 147
::1 - - [29/Mar/2021:19:50:32 +0000] "GET /graphql/ HTTP/1.1" 404 147
::1 - - [29/Mar/2021:19:50:32 +0000] "GET /graphql/ HTTP/1.1" 404 147
::1 - - [29/Mar/2021:19:50:33 +0000] "GET /graphql/ HTTP/1.1" 404 147
::1 - - [29/Mar/2021:19:50:33 +0000] "GET /graphql/ HTTP/1.1" 404 147
::1 - - [29/Mar/2021:19:50:33 +0000] "GET /graphql/ HTTP/1.1" 404 147
::1 - - [29/Mar/2021:19:51:19 +0000] "GET /graphql/ HTTP/1.1" 200 -
::1 - - [29/Mar/2021:19:51:20 +0000] "POST /graphql HTTP/1.1" 200 17164
::1 - - [29/Mar/2021:19:51:20 +0000] "POST /graphql HTTP/1.1" 200 40
::1 - - [29/Mar/2021:19:51:21 +0000] "POST /graphql HTTP/1.1" 200 17164
::1 - - [29/Mar/2021:19:59:28 +0000] "GET /graphql/ HTTP/1.1" 404 147
::1 - - [29/Mar/2021:19:59:29 +0000] "GET /graphql/ HTTP/1.1" 404 147
::1 - - [29/Mar/2021:20:02:28 +0000] "GET /graphql/ HTTP/1.1" 404 147
::1 - - [29/Mar/2021:20:03:16 +0000] "GET /graphql/ HTTP/1.1" 404 147
::1 - - [29/Mar/2021:20:03:16 +0000] "GET /graphql/ HTTP/1.1" 404 147
::1 - - [29/Mar/2021:20:03:17 +0000] "GET /graphql/ HTTP/1.1" 404 147
::1 - - [29/Mar/2021:20:04:15 +0000] "GET /graphql/ HTTP/1.1" 404 147
::1 - - [29/Mar/2021:20:04:16 +0000] "GET /graphql/ HTTP/1.1" 404 147
::1 - - [29/Mar/2021:20:04:16 +0000] "GET /graphql/ HTTP/1.1" 404 147
::1 - - [29/Mar/2021:20:12:42 +0000] "GET /graphql/ HTTP/1.1" 404 147
::1 - - [29/Mar/2021:20:12:43 +0000] "GET /graphql/ HTTP/1.1" 404 147
::1 - - [29/Mar/2021:20:12:43 +0000] "GET /graphql/ HTTP/1.1" 404 147
::1 - - [29/Mar/2021:20:16:40 +0000] "GET /graphql/ HTTP/1.1" 200 -
::1 - - [29/Mar/2021:20:16:41 +0000] "POST /graphql HTTP/1.1" 200 22987
::1 - - [29/Mar/2021:20:16:43 +0000] "POST /graphql HTTP/1.1" 200 22987
::1 - - [29/Mar/2021:20:16:43 +0000] "POST /graphql HTTP/1.1" 200 40
::1 - - [29/Mar/2021:20:16:44 +0000] "POST /graphql HTTP/1.1" 200 40
::1 - - [29/Mar/2021:20:16:44 +0000] "POST /graphql HTTP/1.1" 200 40
::1 - - [29/Mar/2021:20:16:45 +0000] "POST /graphql HTTP/1.1" 200 22987
::1 - - [29/Mar/2021:20:18:29 +0000] "POST /graphql HTTP/1.1" 200 40
::1 - - [29/Mar/2021:20:18:29 +0000] "POST /graphql HTTP/1.1" 200 40
::1 - - [29/Mar/2021:20:18:29 +0000] "POST /graphql HTTP/1.1" 200 40
::1 - - [29/Mar/2021:20:18:30 +0000] "POST /graphql HTTP/1.1" 200 22987
::1 - - [29/Mar/2021:20:19:28 +0000] "POST /graphql HTTP/1.1" 200 22987
::1 - - [29/Mar/2021:20:19:30 +0000] "POST /graphql HTTP/1.1" 200 22987
::1 - - [29/Mar/2021:20:19:32 +0000] "POST /graphql HTTP/1.1" 200 22987
::1 - - [29/Mar/2021:20:19:34 +0000] "POST /graphql HTTP/1.1" 200 54
::1 - - [29/Mar/2021:20:19:34 +0000] "POST /graphql HTTP/1.1" 200 22987
::1 - - [29/Mar/2021:20:19:34 +0000] "POST /graphql HTTP/1.1" 200 54
::1 - - [29/Mar/2021:20:22:02 +0000] "GET /graphql/ HTTP/1.1" 404 147
::1 - - [29/Mar/2021:20:23:13 +0000] "GET /graphql/ HTTP/1.1" 404 147
::1 - - [29/Mar/2021:20:23:14 +0000] "GET /graphql/ HTTP/1.1" 404 147
::1 - - [29/Mar/2021:20:24:08 +0000] "GET /graphql/ HTTP/1.1" 200 -
::1 - - [29/Mar/2021:20:24:10 +0000] "POST /graphql HTTP/1.1" 200 17164
::1 - - [29/Mar/2021:20:24:11 +0000] "POST /graphql HTTP/1.1" 200 17164
::1 - - [29/Mar/2021:20:24:13 +0000] "POST /graphql HTTP/1.1" 200 17164
::1 - - [29/Mar/2021:20:24:15 +0000] "POST /graphql HTTP/1.1" 200 40
::1 - - [29/Mar/2021:20:24:15 +0000] "POST /graphql HTTP/1.1" 200 17164
::1 - - [29/Mar/2021:20:25:04 +0000] "GET /graphql/ HTTP/1.1" 404 147
::1 - - [29/Mar/2021:20:25:05 +0000] "GET /graphql/ HTTP/1.1" 404 147
::1 - - [29/Mar/2021:20:29:45 +0000] "GET /graphql/ HTTP/1.1" 404 147
::1 - - [29/Mar/2021:20:29:46 +0000] "GET /graphql/ HTTP/1.1" 404 147
::1 - - [29/Mar/2021:20:31:34 +0000] "GET /graphql/ HTTP/1.1" 404 147
::1 - - [29/Mar/2021:20:31:35 +0000] "GET /graphql/ HTTP/1.1" 404 147
::1 - - [29/Mar/2021:20:32:42 +0000] "GET /graphql/ HTTP/1.1" 404 147
::1 - - [29/Mar/2021:20:32:42 +0000] "GET /graphql/ HTTP/1.1" 404 147
::1 - - [29/Mar/2021:20:32:42 +0000] "GET /graphql/ HTTP/1.1" 404 147
::1 - - [29/Mar/2021:20:32:43 +0000] "GET /graphql/ HTTP/1.1" 404 147
::1 - - [29/Mar/2021:20:32:43 +0000] "GET /graphql/ HTTP/1.1" 404 147
::1 - - [29/Mar/2021:20:32:43 +0000] "GET /graphql/ HTTP/1.1" 404 147
::1 - - [29/Mar/2021:20:32:43 +0000] "GET /graphql/ HTTP/1.1" 404 147
::1 - - [29/Mar/2021:20:35:59 +0000] "GET /graphql/ HTTP/1.1" 200 -
::1 - - [29/Mar/2021:20:36:00 +0000] "POST /graphql HTTP/1.1" 200 22987
::1 - - [29/Mar/2021:20:36:01 +0000] "POST /graphql HTTP/1.1" 200 40
::1 - - [29/Mar/2021:20:36:02 +0000] "POST /graphql HTTP/1.1" 200 22987
::1 - - [29/Mar/2021:20:36:02 +0000] "POST /graphql HTTP/1.1" 200 40
::1 - - [29/Mar/2021:20:38:17 +0000] "GET /graphql/ HTTP/1.1" 200 -
::1 - - [29/Mar/2021:20:38:18 +0000] "POST /graphql HTTP/1.1" 200 22987
::1 - - [29/Mar/2021:20:38:19 +0000] "POST /graphql HTTP/1.1" 200 40
::1 - - [29/Mar/2021:20:38:20 +0000] "POST /graphql HTTP/1.1" 200 40
::1 - - [29/Mar/2021:20:38:20 +0000] "POST /graphql HTTP/1.1" 200 22987
::1 - - [29/Mar/2021:20:40:37 +0000] "POST /graphql HTTP/1.1" 404 147
::1 - - [29/Mar/2021:20:40:38 +0000] "GET /graphql/ HTTP/1.1" 404 147
::1 - - [29/Mar/2021:20:45:20 +0000] "GET /graphql/ HTTP/1.1" 200 -
::1 - - [29/Mar/2021:20:45:21 +0000] "POST /graphql HTTP/1.1" 200 22987
::1 - - [29/Mar/2021:20:45:22 +0000] "POST /graphql HTTP/1.1" 200 40
::1 - - [29/Mar/2021:20:45:22 +0000] "POST /graphql HTTP/1.1" 200 22987
::1 - - [29/Mar/2021:20:46:04 +0000] "GET /graphql/ HTTP/1.1" 404 147
::1 - - [29/Mar/2021:20:46:05 +0000] "GET /graphql/ HTTP/1.1" 404 147
::1 - - [29/Mar/2021:21:17:15 +0000] "GET /graphql/ HTTP/1.1" 200 -
::1 - - [29/Mar/2021:21:17:17 +0000] "POST /graphql HTTP/1.1" 200 22987
::1 - - [29/Mar/2021:21:17:18 +0000] "POST /graphql HTTP/1.1" 200 22987
::1 - - [29/Mar/2021:21:17:18 +0000] "POST /graphql HTTP/1.1" 200 40
::1 - - [29/Mar/2021:21:17:20 +0000] "POST /graphql HTTP/1.1" 200 22987
::1 - - [29/Mar/2021:21:17:22 +0000] "POST /graphql HTTP/1.1" 200 22987
::1 - - [29/Mar/2021:21:17:24 +0000] "POST /graphql HTTP/1.1" 200 22987
::1 - - [29/Mar/2021:21:17:27 +0000] "POST /graphql HTTP/1.1" 200 22987
::1 - - [29/Mar/2021:21:17:27 +0000] "POST /graphql HTTP/1.1" 200 54
::1 - - [29/Mar/2021:21:28:33 +0000] "GET /graphql/ HTTP/1.1" 200 -
::1 - - [29/Mar/2021:21:28:35 +0000] "POST /graphql HTTP/1.1" 200 22987
::1 - - [29/Mar/2021:21:28:35 +0000] "POST /graphql HTTP/1.1" 200 54
::1 - - [29/Mar/2021:21:28:36 +0000] "POST /graphql HTTP/1.1" 200 22987
::1 - - [29/Mar/2021:21:36:46 +0000] "GET /graphql/ HTTP/1.1" 400 18
::1 - - [29/Mar/2021:21:36:46 +0000] "GET /favicon.ico HTTP/1.1" 404 150
::1 - - [29/Mar/2021:21:36:47 +0000] "GET /graphql/ HTTP/1.1" 400 18
::1 - - [29/Mar/2021:21:36:59 +0000] "GET /graphql/ HTTP/1.1" 400 18
::1 - - [29/Mar/2021:21:37:53 +0000] "GET /graphql/ HTTP/1.1" 400 18
::1 - - [29/Mar/2021:21:37:53 +0000] "GET /graphql/ HTTP/1.1" 400 18
::1 - - [29/Mar/2021:21:37:54 +0000] "GET /graphql/ HTTP/1.1" 400 18
::1 - - [29/Mar/2021:21:37:54 +0000] "GET /graphql/ HTTP/1.1" 400 18
::1 - - [29/Mar/2021:21:37:54 +0000] "GET /graphql/ HTTP/1.1" 400 18
::1 - - [29/Mar/2021:21:39:03 +0000] "GET /graphql/ HTTP/1.1" 200 -
::1 - - [29/Mar/2021:21:39:04 +0000] "POST /graphql HTTP/1.1" 200 22987
::1 - - [29/Mar/2021:21:40:45 +0000] "GET /graphql/ HTTP/1.1" 200 -
::1 - - [29/Mar/2021:21:40:47 +0000] "POST /graphql HTTP/1.1" 200 22987
::1 - - [29/Mar/2021:21:40:48 +0000] "POST /graphql HTTP/1.1" 200 54
::1 - - [29/Mar/2021:21:40:48 +0000] "POST /graphql HTTP/1.1" 200 22987
::1 - - [29/Mar/2021:21:42:00 +0000] "GET /graphql/ HTTP/1.1" 200 -
::1 - - [29/Mar/2021:21:42:01 +0000] "POST /graphql HTTP/1.1" 200 22987
::1 - - [29/Mar/2021:21:42:02 +0000] "POST /graphql HTTP/1.1" 200 54
::1 - - [29/Mar/2021:21:42:03 +0000] "POST /graphql HTTP/1.1" 200 22987
::1 - - [29/Mar/2021:21:56:35 +0000] "GET /graphql/ HTTP/1.1" 200 -
::1 - - [29/Mar/2021:21:56:36 +0000] "POST /graphql HTTP/1.1" 200 22987
::1 - - [29/Mar/2021:21:56:37 +0000] "POST /graphql HTTP/1.1" 200 54
::1 - - [29/Mar/2021:21:58:17 +0000] "GET /graphql/ HTTP/1.1" 200 -
::1 - - [29/Mar/2021:21:58:19 +0000] "POST /graphql HTTP/1.1" 200 22987
::1 - - [29/Mar/2021:21:58:19 +0000] "POST /graphql HTTP/1.1" 200 54
